mode: atomic
github.com/GabeCordo/DistributedFunctions/package.go:17.61,20.16 2 0
github.com/GabeCordo/DistributedFunctions/package.go:20.16,21.65 1 0
github.com/GabeCordo/DistributedFunctions/package.go:24.2,34.29 4 0
github.com/GabeCordo/DistributedFunctions/package.go:34.29,36.17 2 0
github.com/GabeCordo/DistributedFunctions/package.go:36.17,37.9 1 0
github.com/GabeCordo/DistributedFunctions/package.go:42.2,42.16 1 0
github.com/GabeCordo/DistributedFunctions/package.go:42.16,44.3 1 0
github.com/GabeCordo/DistributedFunctions/package.go:46.2,47.28 2 0
github.com/GabeCordo/DistributedFunctions/package.go:50.30,53.2 1 0
github.com/GabeCordo/DistributedFunctions/cmd/fs/main.go:11.13,69.2 32 0
github.com/GabeCordo/DistributedFunctions/internal/shared/buffers/ringbuffer.go:46.54,48.70 1 7
github.com/GabeCordo/DistributedFunctions/internal/shared/buffers/ringbuffer.go:48.70,50.3 1 2
github.com/GabeCordo/DistributedFunctions/internal/shared/buffers/ringbuffer.go:52.2,62.24 8 5
github.com/GabeCordo/DistributedFunctions/internal/shared/buffers/ringbuffer.go:73.52,77.97 1 22
github.com/GabeCordo/DistributedFunctions/internal/shared/buffers/ringbuffer.go:77.97,79.3 1 1
github.com/GabeCordo/DistributedFunctions/internal/shared/buffers/ringbuffer.go:81.2,85.72 3 21
github.com/GabeCordo/DistributedFunctions/internal/shared/buffers/ringbuffer.go:85.72,88.3 1 2
github.com/GabeCordo/DistributedFunctions/internal/shared/buffers/ringbuffer.go:88.8,90.3 1 19
github.com/GabeCordo/DistributedFunctions/internal/shared/buffers/ringbuffer.go:92.2,92.12 1 21
github.com/GabeCordo/DistributedFunctions/internal/shared/buffers/ringbuffer.go:103.63,105.26 1 12
github.com/GabeCordo/DistributedFunctions/internal/shared/buffers/ringbuffer.go:105.26,107.3 1 1
github.com/GabeCordo/DistributedFunctions/internal/shared/buffers/ringbuffer.go:109.2,111.70 2 11
github.com/GabeCordo/DistributedFunctions/internal/shared/buffers/ringbuffer.go:111.70,113.3 1 1
github.com/GabeCordo/DistributedFunctions/internal/shared/buffers/ringbuffer.go:113.8,115.3 1 10
github.com/GabeCordo/DistributedFunctions/internal/shared/buffers/ringbuffer.go:117.2,118.17 2 11
github.com/GabeCordo/DistributedFunctions/internal/shared/buffers/ringbuffer.go:121.45,123.2 1 0
github.com/GabeCordo/DistributedFunctions/cmd/fs/controllers/config.go:22.89,26.29 2 0
github.com/GabeCordo/DistributedFunctions/cmd/fs/controllers/config.go:26.29,28.22 1 0
github.com/GabeCordo/DistributedFunctions/cmd/fs/controllers/config.go:28.22,30.4 1 0
github.com/GabeCordo/DistributedFunctions/cmd/fs/controllers/config.go:32.3,32.26 1 0
github.com/GabeCordo/DistributedFunctions/cmd/fs/controllers/config.go:32.26,34.4 1 0
github.com/GabeCordo/DistributedFunctions/cmd/fs/controllers/config.go:34.9,36.4 1 0
github.com/GabeCordo/DistributedFunctions/cmd/fs/controllers/config.go:37.8,37.37 1 0
github.com/GabeCordo/DistributedFunctions/cmd/fs/controllers/config.go:37.37,39.22 1 0
github.com/GabeCordo/DistributedFunctions/cmd/fs/controllers/config.go:39.22,41.4 1 0
github.com/GabeCordo/DistributedFunctions/cmd/fs/controllers/config.go:43.3,43.33 1 0
github.com/GabeCordo/DistributedFunctions/cmd/fs/controllers/config.go:43.33,45.4 1 0
github.com/GabeCordo/DistributedFunctions/cmd/fs/controllers/config.go:45.9,45.40 1 0
github.com/GabeCordo/DistributedFunctions/cmd/fs/controllers/config.go:45.40,47.4 1 0
github.com/GabeCordo/DistributedFunctions/cmd/fs/controllers/config.go:47.9,49.4 1 0
github.com/GabeCordo/DistributedFunctions/cmd/fs/controllers/config.go:50.8,50.44 1 0
github.com/GabeCordo/DistributedFunctions/cmd/fs/controllers/config.go:50.44,52.3 1 0
github.com/GabeCordo/DistributedFunctions/cmd/fs/controllers/config.go:52.8,52.32 1 0
github.com/GabeCordo/DistributedFunctions/cmd/fs/controllers/config.go:52.32,54.3 1 0
github.com/GabeCordo/DistributedFunctions/cmd/fs/controllers/config.go:54.8,54.33 1 0
github.com/GabeCordo/DistributedFunctions/cmd/fs/controllers/config.go:54.33,56.3 1 0
github.com/GabeCordo/DistributedFunctions/cmd/fs/controllers/config.go:56.8,58.3 1 0
github.com/GabeCordo/DistributedFunctions/cmd/fs/controllers/config.go:61.80,64.16 2 0
github.com/GabeCordo/DistributedFunctions/cmd/fs/controllers/config.go:64.16,66.3 1 0
github.com/GabeCordo/DistributedFunctions/cmd/fs/controllers/config.go:68.2,68.27 1 0
github.com/GabeCordo/DistributedFunctions/cmd/fs/controllers/config.go:69.15,70.3 1 0
github.com/GabeCordo/DistributedFunctions/cmd/fs/controllers/config.go:70.3,72.4 1 0
github.com/GabeCordo/DistributedFunctions/cmd/fs/controllers/config.go:73.12,74.3 1 0
github.com/GabeCordo/DistributedFunctions/cmd/fs/controllers/config.go:74.3,76.4 1 0
github.com/GabeCordo/DistributedFunctions/cmd/fs/controllers/config.go:77.15,78.3 1 0
github.com/GabeCordo/DistributedFunctions/cmd/fs/controllers/config.go:78.3,80.4 1 0
github.com/GabeCordo/DistributedFunctions/cmd/fs/controllers/config.go:81.16,82.3 1 0
github.com/GabeCordo/DistributedFunctions/cmd/fs/controllers/config.go:82.3,84.4 1 0
github.com/GabeCordo/DistributedFunctions/cmd/fs/controllers/config.go:85.13,86.3 1 0
github.com/GabeCordo/DistributedFunctions/cmd/fs/controllers/config.go:86.3,88.4 1 0
github.com/GabeCordo/DistributedFunctions/cmd/fs/controllers/config.go:90.2,90.12 1 0
github.com/GabeCordo/DistributedFunctions/cmd/fs/controllers/config.go:93.95,96.16 2 0
github.com/GabeCordo/DistributedFunctions/cmd/fs/controllers/config.go:96.16,98.3 1 0
github.com/GabeCordo/DistributedFunctions/cmd/fs/controllers/config.go:100.2,100.27 1 0
github.com/GabeCordo/DistributedFunctions/cmd/fs/controllers/config.go:101.15,102.3 1 0
github.com/GabeCordo/DistributedFunctions/cmd/fs/controllers/config.go:102.3,105.4 2 0
github.com/GabeCordo/DistributedFunctions/cmd/fs/controllers/config.go:106.12,107.3 1 0
github.com/GabeCordo/DistributedFunctions/cmd/fs/controllers/config.go:107.3,109.49 2 0
github.com/GabeCordo/DistributedFunctions/cmd/fs/controllers/config.go:109.49,111.5 1 0
github.com/GabeCordo/DistributedFunctions/cmd/fs/controllers/config.go:111.10,113.5 1 0
github.com/GabeCordo/DistributedFunctions/cmd/fs/controllers/config.go:115.15,116.3 1 0
github.com/GabeCordo/DistributedFunctions/cmd/fs/controllers/config.go:116.3,118.62 2 0
github.com/GabeCordo/DistributedFunctions/cmd/fs/controllers/config.go:118.62,120.5 1 0
github.com/GabeCordo/DistributedFunctions/cmd/fs/controllers/config.go:120.10,122.5 1 0
github.com/GabeCordo/DistributedFunctions/cmd/fs/controllers/config.go:124.16,125.3 1 0
github.com/GabeCordo/DistributedFunctions/cmd/fs/controllers/config.go:125.3,127.59 2 0
github.com/GabeCordo/DistributedFunctions/cmd/fs/controllers/config.go:127.59,129.5 1 0
github.com/GabeCordo/DistributedFunctions/cmd/fs/controllers/config.go:129.10,131.5 1 0
github.com/GabeCordo/DistributedFunctions/cmd/fs/controllers/config.go:133.13,134.3 1 0
github.com/GabeCordo/DistributedFunctions/cmd/fs/controllers/config.go:134.3,136.54 2 0
github.com/GabeCordo/DistributedFunctions/cmd/fs/controllers/config.go:136.54,138.5 1 0
github.com/GabeCordo/DistributedFunctions/cmd/fs/controllers/config.go:138.10,140.5 1 0
github.com/GabeCordo/DistributedFunctions/cmd/fs/controllers/config.go:144.2,144.12 1 0
github.com/GabeCordo/DistributedFunctions/cmd/fs/controllers/config.go:147.98,149.58 1 0
github.com/GabeCordo/DistributedFunctions/cmd/fs/controllers/config.go:149.58,152.3 2 0
github.com/GabeCordo/DistributedFunctions/cmd/fs/controllers/config.go:154.2,155.16 2 0
github.com/GabeCordo/DistributedFunctions/cmd/fs/controllers/config.go:155.16,158.3 2 0
github.com/GabeCordo/DistributedFunctions/cmd/fs/controllers/config.go:160.2,161.16 2 0
github.com/GabeCordo/DistributedFunctions/cmd/fs/controllers/config.go:161.16,164.3 2 0
github.com/GabeCordo/DistributedFunctions/cmd/fs/controllers/config.go:166.2,167.16 2 0
github.com/GabeCordo/DistributedFunctions/cmd/fs/controllers/config.go:167.16,170.3 2 0
github.com/GabeCordo/DistributedFunctions/cmd/fs/controllers/config.go:172.2,173.49 2 0
github.com/GabeCordo/DistributedFunctions/cmd/fs/controllers/config.go:173.49,176.3 2 0
github.com/GabeCordo/DistributedFunctions/cmd/fs/controllers/config.go:178.2,179.35 2 0
github.com/GabeCordo/DistributedFunctions/cmd/fs/controllers/config.go:179.35,182.3 2 0
github.com/GabeCordo/DistributedFunctions/cmd/fs/controllers/config.go:185.2,187.32 2 0
github.com/GabeCordo/DistributedFunctions/cmd/fs/controllers/config.go:187.32,189.61 1 0
github.com/GabeCordo/DistributedFunctions/cmd/fs/controllers/config.go:189.61,191.4 1 0
github.com/GabeCordo/DistributedFunctions/cmd/fs/controllers/config.go:193.8,193.41 1 0
github.com/GabeCordo/DistributedFunctions/cmd/fs/controllers/config.go:193.41,196.36 2 0
github.com/GabeCordo/DistributedFunctions/cmd/fs/controllers/config.go:196.36,199.4 2 0
github.com/GabeCordo/DistributedFunctions/cmd/fs/controllers/config.go:201.3,201.69 1 0
github.com/GabeCordo/DistributedFunctions/cmd/fs/controllers/config.go:201.69,204.4 2 0
github.com/GabeCordo/DistributedFunctions/cmd/fs/controllers/config.go:206.3,207.17 2 0
github.com/GabeCordo/DistributedFunctions/cmd/fs/controllers/config.go:207.17,210.4 2 0
github.com/GabeCordo/DistributedFunctions/cmd/fs/controllers/config.go:212.3,212.69 1 0
github.com/GabeCordo/DistributedFunctions/cmd/fs/controllers/config.go:212.69,215.4 2 0
github.com/GabeCordo/DistributedFunctions/cmd/fs/controllers/config.go:216.3,216.35 1 0
github.com/GabeCordo/DistributedFunctions/cmd/fs/controllers/config.go:216.35,218.18 2 0
github.com/GabeCordo/DistributedFunctions/cmd/fs/controllers/config.go:218.18,220.5 1 0
github.com/GabeCordo/DistributedFunctions/cmd/fs/controllers/config.go:223.3,223.58 1 0
github.com/GabeCordo/DistributedFunctions/cmd/fs/controllers/config.go:223.58,225.4 1 0
github.com/GabeCordo/DistributedFunctions/cmd/fs/controllers/config.go:228.2,228.30 1 0
github.com/GabeCordo/DistributedFunctions/cmd/fs/controllers/connect.go:14.105,17.41 2 0
github.com/GabeCordo/DistributedFunctions/cmd/fs/controllers/connect.go:17.41,20.3 2 0
github.com/GabeCordo/DistributedFunctions/cmd/fs/controllers/connect.go:22.2,23.16 2 0
github.com/GabeCordo/DistributedFunctions/cmd/fs/controllers/connect.go:23.16,26.3 2 0
github.com/GabeCordo/DistributedFunctions/cmd/fs/controllers/connect.go:26.8,28.3 1 0
github.com/GabeCordo/DistributedFunctions/cmd/fs/controllers/connect.go:30.2,30.30 1 0
github.com/GabeCordo/DistributedFunctions/cmd/fs/controllers/disconnect.go:14.108,17.41 2 0
github.com/GabeCordo/DistributedFunctions/cmd/fs/controllers/disconnect.go:17.41,20.3 2 0
github.com/GabeCordo/DistributedFunctions/cmd/fs/controllers/disconnect.go:22.2,23.16 2 0
github.com/GabeCordo/DistributedFunctions/cmd/fs/controllers/disconnect.go:23.16,25.3 1 0
github.com/GabeCordo/DistributedFunctions/cmd/fs/controllers/disconnect.go:25.8,27.3 1 0
github.com/GabeCordo/DistributedFunctions/cmd/fs/controllers/disconnect.go:29.2,29.30 1 0
github.com/GabeCordo/DistributedFunctions/cmd/fs/controllers/doctor.go:18.92,20.59 1 0
github.com/GabeCordo/DistributedFunctions/cmd/fs/controllers/doctor.go:20.59,24.3 2 0
github.com/GabeCordo/DistributedFunctions/cmd/fs/controllers/doctor.go:26.2,26.54 1 0
github.com/GabeCordo/DistributedFunctions/cmd/fs/controllers/doctor.go:26.54,29.3 1 0
github.com/GabeCordo/DistributedFunctions/cmd/fs/controllers/doctor.go:29.8,32.3 1 0
github.com/GabeCordo/DistributedFunctions/cmd/fs/controllers/doctor.go:34.2,34.57 1 0
github.com/GabeCordo/DistributedFunctions/cmd/fs/controllers/doctor.go:34.57,37.3 1 0
github.com/GabeCordo/DistributedFunctions/cmd/fs/controllers/doctor.go:37.8,40.3 1 0
github.com/GabeCordo/DistributedFunctions/cmd/fs/controllers/doctor.go:42.2,42.60 1 0
github.com/GabeCordo/DistributedFunctions/cmd/fs/controllers/doctor.go:42.60,45.3 1 0
github.com/GabeCordo/DistributedFunctions/cmd/fs/controllers/doctor.go:45.8,48.3 1 0
github.com/GabeCordo/DistributedFunctions/cmd/fs/controllers/doctor.go:50.2,50.59 1 0
github.com/GabeCordo/DistributedFunctions/cmd/fs/controllers/doctor.go:50.59,53.3 1 0
github.com/GabeCordo/DistributedFunctions/cmd/fs/controllers/doctor.go:53.8,56.3 1 0
github.com/GabeCordo/DistributedFunctions/cmd/fs/controllers/doctor.go:58.2,58.59 1 0
github.com/GabeCordo/DistributedFunctions/cmd/fs/controllers/doctor.go:58.59,61.3 1 0
github.com/GabeCordo/DistributedFunctions/cmd/fs/controllers/doctor.go:61.8,64.3 1 0
github.com/GabeCordo/DistributedFunctions/cmd/fs/controllers/doctor.go:66.2,66.58 1 0
github.com/GabeCordo/DistributedFunctions/cmd/fs/controllers/doctor.go:66.58,70.3 2 0
github.com/GabeCordo/DistributedFunctions/cmd/fs/controllers/doctor.go:70.8,73.3 1 0
github.com/GabeCordo/DistributedFunctions/cmd/fs/controllers/doctor.go:75.2,76.16 2 0
github.com/GabeCordo/DistributedFunctions/cmd/fs/controllers/doctor.go:76.16,80.3 2 0
github.com/GabeCordo/DistributedFunctions/cmd/fs/controllers/doctor.go:81.2,81.34 1 0
github.com/GabeCordo/DistributedFunctions/cmd/fs/controllers/doctor.go:81.34,83.17 2 0
github.com/GabeCordo/DistributedFunctions/cmd/fs/controllers/doctor.go:83.17,85.4 1 0
github.com/GabeCordo/DistributedFunctions/cmd/fs/controllers/doctor.go:88.2,89.16 2 0
github.com/GabeCordo/DistributedFunctions/cmd/fs/controllers/doctor.go:89.16,93.3 2 0
github.com/GabeCordo/DistributedFunctions/cmd/fs/controllers/doctor.go:95.2,96.49 2 0
github.com/GabeCordo/DistributedFunctions/cmd/fs/controllers/doctor.go:96.49,100.3 2 0
github.com/GabeCordo/DistributedFunctions/cmd/fs/controllers/doctor.go:100.8,103.3 1 0
github.com/GabeCordo/DistributedFunctions/cmd/fs/controllers/doctor.go:105.2,105.30 1 0
github.com/GabeCordo/DistributedFunctions/cmd/fs/controllers/example.go:12.30,14.26 1 0
github.com/GabeCordo/DistributedFunctions/cmd/fs/controllers/example.go:14.26,16.3 1 0
github.com/GabeCordo/DistributedFunctions/cmd/fs/controllers/example.go:18.2,18.12 1 0
github.com/GabeCordo/DistributedFunctions/cmd/fs/controllers/example.go:21.26,25.2 3 0
github.com/GabeCordo/DistributedFunctions/cmd/fs/controllers/example.go:27.26,31.2 3 0
github.com/GabeCordo/DistributedFunctions/cmd/fs/controllers/example.go:33.17,36.2 2 0
github.com/GabeCordo/DistributedFunctions/cmd/fs/controllers/example.go:41.105,48.16 5 0
github.com/GabeCordo/DistributedFunctions/cmd/fs/controllers/example.go:48.16,50.3 1 0
github.com/GabeCordo/DistributedFunctions/cmd/fs/controllers/example.go:51.2,52.16 2 0
github.com/GabeCordo/DistributedFunctions/cmd/fs/controllers/example.go:52.16,54.3 1 0
github.com/GabeCordo/DistributedFunctions/cmd/fs/controllers/example.go:55.2,56.16 2 0
github.com/GabeCordo/DistributedFunctions/cmd/fs/controllers/example.go:56.16,58.3 1 0
github.com/GabeCordo/DistributedFunctions/cmd/fs/controllers/example.go:59.2,60.16 2 0
github.com/GabeCordo/DistributedFunctions/cmd/fs/controllers/example.go:60.16,62.3 1 0
github.com/GabeCordo/DistributedFunctions/cmd/fs/controllers/example.go:64.2,67.30 3 0
github.com/GabeCordo/DistributedFunctions/cmd/fs/controllers/gateway.go:13.105,15.32 1 0
github.com/GabeCordo/DistributedFunctions/cmd/fs/controllers/gateway.go:15.32,17.3 1 0
github.com/GabeCordo/DistributedFunctions/cmd/fs/controllers/gateway.go:17.8,19.3 1 0
github.com/GabeCordo/DistributedFunctions/cmd/fs/controllers/gateway.go:21.2,21.30 1 0
github.com/GabeCordo/DistributedFunctions/cmd/fs/controllers/gateway.go:24.76,28.2 2 0
github.com/GabeCordo/DistributedFunctions/cmd/fs/controllers/gateway.go:30.78,33.40 2 0
github.com/GabeCordo/DistributedFunctions/cmd/fs/controllers/gateway.go:33.40,35.3 1 0
github.com/GabeCordo/DistributedFunctions/cmd/fs/controllers/gateway.go:37.2,37.43 1 0
github.com/GabeCordo/DistributedFunctions/cmd/fs/controllers/gateway.go:37.43,39.3 1 0
github.com/GabeCordo/DistributedFunctions/cmd/fs/controllers/gateway.go:41.2,41.30 1 0
github.com/GabeCordo/DistributedFunctions/cmd/fs/controllers/init.go:28.91,58.59 23 0
github.com/GabeCordo/DistributedFunctions/cmd/fs/controllers/init.go:58.59,62.3 2 0
github.com/GabeCordo/DistributedFunctions/cmd/fs/controllers/init.go:64.2,66.63 2 0
github.com/GabeCordo/DistributedFunctions/cmd/fs/controllers/init.go:66.63,70.3 2 0
github.com/GabeCordo/DistributedFunctions/cmd/fs/controllers/init.go:70.8,73.3 1 0
github.com/GabeCordo/DistributedFunctions/cmd/fs/controllers/init.go:75.2,75.58 1 0
github.com/GabeCordo/DistributedFunctions/cmd/fs/controllers/init.go:75.58,79.3 2 0
github.com/GabeCordo/DistributedFunctions/cmd/fs/controllers/init.go:79.8,82.3 1 0
github.com/GabeCordo/DistributedFunctions/cmd/fs/controllers/init.go:84.2,84.64 1 0
github.com/GabeCordo/DistributedFunctions/cmd/fs/controllers/init.go:84.64,88.3 2 0
github.com/GabeCordo/DistributedFunctions/cmd/fs/controllers/init.go:88.8,91.3 1 0
github.com/GabeCordo/DistributedFunctions/cmd/fs/controllers/init.go:93.2,93.63 1 0
github.com/GabeCordo/DistributedFunctions/cmd/fs/controllers/init.go:93.63,97.3 2 0
github.com/GabeCordo/DistributedFunctions/cmd/fs/controllers/init.go:97.8,100.3 1 0
github.com/GabeCordo/DistributedFunctions/cmd/fs/controllers/init.go:102.2,102.63 1 0
github.com/GabeCordo/DistributedFunctions/cmd/fs/controllers/init.go:102.63,106.3 2 0
github.com/GabeCordo/DistributedFunctions/cmd/fs/controllers/init.go:106.8,109.3 1 0
github.com/GabeCordo/DistributedFunctions/cmd/fs/controllers/init.go:111.2,111.61 1 0
github.com/GabeCordo/DistributedFunctions/cmd/fs/controllers/init.go:111.61,115.3 2 0
github.com/GabeCordo/DistributedFunctions/cmd/fs/controllers/init.go:115.8,118.3 1 0
github.com/GabeCordo/DistributedFunctions/cmd/fs/controllers/init.go:120.2,121.16 2 0
github.com/GabeCordo/DistributedFunctions/cmd/fs/controllers/init.go:121.16,125.3 2 0
github.com/GabeCordo/DistributedFunctions/cmd/fs/controllers/init.go:127.2,128.16 2 0
github.com/GabeCordo/DistributedFunctions/cmd/fs/controllers/init.go:128.16,132.3 2 0
github.com/GabeCordo/DistributedFunctions/cmd/fs/controllers/init.go:134.2,134.44 1 0
github.com/GabeCordo/DistributedFunctions/cmd/fs/controllers/init.go:134.44,138.3 2 0
github.com/GabeCordo/DistributedFunctions/cmd/fs/controllers/init.go:138.8,141.3 1 0
github.com/GabeCordo/DistributedFunctions/cmd/fs/controllers/init.go:143.2,143.30 1 0
github.com/GabeCordo/DistributedFunctions/cmd/fs/controllers/logs.go:19.101,23.38 2 0
github.com/GabeCordo/DistributedFunctions/cmd/fs/controllers/logs.go:23.38,27.96 1 0
github.com/GabeCordo/DistributedFunctions/cmd/fs/controllers/logs.go:27.96,29.51 1 0
github.com/GabeCordo/DistributedFunctions/cmd/fs/controllers/logs.go:29.51,31.5 1 0
github.com/GabeCordo/DistributedFunctions/cmd/fs/controllers/logs.go:33.4,35.18 3 0
github.com/GabeCordo/DistributedFunctions/cmd/fs/controllers/logs.go:35.18,37.5 1 0
github.com/GabeCordo/DistributedFunctions/cmd/fs/controllers/logs.go:39.4,43.14 4 0
github.com/GabeCordo/DistributedFunctions/cmd/fs/controllers/logs.go:46.3,46.17 1 0
github.com/GabeCordo/DistributedFunctions/cmd/fs/controllers/logs.go:46.17,48.4 1 0
github.com/GabeCordo/DistributedFunctions/cmd/fs/controllers/logs.go:49.8,61.17 5 0
github.com/GabeCordo/DistributedFunctions/cmd/fs/controllers/logs.go:61.17,63.4 1 0
github.com/GabeCordo/DistributedFunctions/cmd/fs/controllers/logs.go:65.3,66.49 2 0
github.com/GabeCordo/DistributedFunctions/cmd/fs/controllers/logs.go:69.2,69.30 1 0
github.com/GabeCordo/DistributedFunctions/cmd/fs/controllers/namespace.go:13.107,15.34 1 0
github.com/GabeCordo/DistributedFunctions/cmd/fs/controllers/namespace.go:15.34,17.3 1 0
github.com/GabeCordo/DistributedFunctions/cmd/fs/controllers/namespace.go:17.8,17.39 1 0
github.com/GabeCordo/DistributedFunctions/cmd/fs/controllers/namespace.go:17.39,19.3 1 0
github.com/GabeCordo/DistributedFunctions/cmd/fs/controllers/namespace.go:21.2,21.30 1 0
github.com/GabeCordo/DistributedFunctions/cmd/fs/controllers/namespace.go:24.80,27.39 2 0
github.com/GabeCordo/DistributedFunctions/cmd/fs/controllers/namespace.go:27.39,30.3 2 0
github.com/GabeCordo/DistributedFunctions/cmd/fs/controllers/namespace.go:32.2,32.34 1 0
github.com/GabeCordo/DistributedFunctions/cmd/fs/controllers/namespace.go:35.78,38.2 2 0
github.com/GabeCordo/DistributedFunctions/cmd/fs/controllers/pipelines.go:20.106,23.38 2 0
github.com/GabeCordo/DistributedFunctions/cmd/fs/controllers/pipelines.go:23.38,26.3 2 0
github.com/GabeCordo/DistributedFunctions/cmd/fs/controllers/pipelines.go:30.2,31.26 2 0
github.com/GabeCordo/DistributedFunctions/cmd/fs/controllers/pipelines.go:31.26,33.17 2 0
github.com/GabeCordo/DistributedFunctions/cmd/fs/controllers/pipelines.go:33.17,35.4 1 0
github.com/GabeCordo/DistributedFunctions/cmd/fs/controllers/pipelines.go:37.3,37.59 1 0
github.com/GabeCordo/DistributedFunctions/cmd/fs/controllers/pipelines.go:38.8,40.3 1 0
github.com/GabeCordo/DistributedFunctions/cmd/fs/controllers/pipelines.go:42.2,43.16 2 0
github.com/GabeCordo/DistributedFunctions/cmd/fs/controllers/pipelines.go:43.16,46.3 2 0
github.com/GabeCordo/DistributedFunctions/cmd/fs/controllers/pipelines.go:48.2,53.19 3 0
github.com/GabeCordo/DistributedFunctions/cmd/fs/controllers/pipelines.go:53.19,54.91 1 0
github.com/GabeCordo/DistributedFunctions/cmd/fs/controllers/pipelines.go:54.91,55.34 1 0
github.com/GabeCordo/DistributedFunctions/cmd/fs/controllers/pipelines.go:55.34,57.5 1 0
github.com/GabeCordo/DistributedFunctions/cmd/fs/controllers/pipelines.go:58.4,59.14 2 0
github.com/GabeCordo/DistributedFunctions/cmd/fs/controllers/pipelines.go:61.3,61.17 1 0
github.com/GabeCordo/DistributedFunctions/cmd/fs/controllers/pipelines.go:61.17,63.4 1 0
github.com/GabeCordo/DistributedFunctions/cmd/fs/controllers/pipelines.go:64.8,66.3 1 0
github.com/GabeCordo/DistributedFunctions/cmd/fs/controllers/pipelines.go:69.2,69.45 1 0
github.com/GabeCordo/DistributedFunctions/cmd/fs/controllers/pipelines.go:69.45,73.17 3 0
github.com/GabeCordo/DistributedFunctions/cmd/fs/controllers/pipelines.go:73.17,76.12 2 0
github.com/GabeCordo/DistributedFunctions/cmd/fs/controllers/pipelines.go:79.3,82.53 2 0
github.com/GabeCordo/DistributedFunctions/cmd/fs/controllers/pipelines.go:82.53,84.4 1 0
github.com/GabeCordo/DistributedFunctions/cmd/fs/controllers/pipelines.go:84.9,86.4 1 0
github.com/GabeCordo/DistributedFunctions/cmd/fs/controllers/pipelines.go:88.3,89.17 2 0
github.com/GabeCordo/DistributedFunctions/cmd/fs/controllers/pipelines.go:89.17,91.4 1 0
github.com/GabeCordo/DistributedFunctions/cmd/fs/controllers/pipelines.go:94.2,94.31 1 0
github.com/GabeCordo/DistributedFunctions/cmd/fs/controllers/pipelines.go:94.31,96.3 1 0
github.com/GabeCordo/DistributedFunctions/cmd/fs/controllers/pipelines.go:96.8,96.41 1 0
github.com/GabeCordo/DistributedFunctions/cmd/fs/controllers/pipelines.go:96.41,98.3 1 0
github.com/GabeCordo/DistributedFunctions/cmd/fs/controllers/pipelines.go:98.8,100.3 1 0
github.com/GabeCordo/DistributedFunctions/cmd/fs/controllers/pipelines.go:102.2,102.30 1 0
github.com/GabeCordo/DistributedFunctions/cmd/fs/controllers/pipelines.go:105.93,111.30 3 0
github.com/GabeCordo/DistributedFunctions/cmd/fs/controllers/pipelines.go:111.30,115.17 3 0
github.com/GabeCordo/DistributedFunctions/cmd/fs/controllers/pipelines.go:115.17,117.12 2 0
github.com/GabeCordo/DistributedFunctions/cmd/fs/controllers/pipelines.go:120.3,120.14 1 0
github.com/GabeCordo/DistributedFunctions/cmd/fs/controllers/pipelines.go:120.14,121.70 1 0
github.com/GabeCordo/DistributedFunctions/cmd/fs/controllers/pipelines.go:121.70,123.5 1 0
github.com/GabeCordo/DistributedFunctions/cmd/fs/controllers/pipelines.go:123.10,125.5 1 0
github.com/GabeCordo/DistributedFunctions/cmd/fs/controllers/pipelines.go:126.9,128.4 1 0
github.com/GabeCordo/DistributedFunctions/cmd/fs/controllers/pipelines.go:133.96,138.30 3 0
github.com/GabeCordo/DistributedFunctions/cmd/fs/controllers/pipelines.go:138.30,140.83 2 0
github.com/GabeCordo/DistributedFunctions/cmd/fs/controllers/pipelines.go:140.83,142.4 1 0
github.com/GabeCordo/DistributedFunctions/cmd/fs/controllers/pipelines.go:142.9,144.4 1 0
github.com/GabeCordo/DistributedFunctions/cmd/fs/controllers/repl.go:16.102,19.36 2 0
github.com/GabeCordo/DistributedFunctions/cmd/fs/controllers/repl.go:19.36,21.3 1 0
github.com/GabeCordo/DistributedFunctions/cmd/fs/controllers/repl.go:32.2,33.16 2 0
github.com/GabeCordo/DistributedFunctions/cmd/fs/controllers/repl.go:33.16,36.3 2 0
github.com/GabeCordo/DistributedFunctions/cmd/fs/controllers/repl.go:38.2,39.49 2 0
github.com/GabeCordo/DistributedFunctions/cmd/fs/controllers/repl.go:39.49,42.3 2 0
github.com/GabeCordo/DistributedFunctions/cmd/fs/controllers/repl.go:44.2,44.24 1 0
github.com/GabeCordo/DistributedFunctions/cmd/fs/controllers/repl.go:44.24,46.3 1 0
github.com/GabeCordo/DistributedFunctions/cmd/fs/controllers/repl.go:46.8,48.3 1 0
github.com/GabeCordo/DistributedFunctions/cmd/fs/controllers/repl.go:50.2,51.16 2 0
github.com/GabeCordo/DistributedFunctions/cmd/fs/controllers/repl.go:51.16,54.3 2 0
github.com/GabeCordo/DistributedFunctions/cmd/fs/controllers/repl.go:56.2,57.16 2 0
github.com/GabeCordo/DistributedFunctions/cmd/fs/controllers/repl.go:57.16,60.3 2 0
github.com/GabeCordo/DistributedFunctions/cmd/fs/controllers/repl.go:62.2,62.30 1 0
github.com/GabeCordo/DistributedFunctions/cmd/fs/controllers/run.go:20.101,22.32 1 0
github.com/GabeCordo/DistributedFunctions/cmd/fs/controllers/run.go:22.32,24.3 1 0
github.com/GabeCordo/DistributedFunctions/cmd/fs/controllers/run.go:24.8,24.39 1 0
github.com/GabeCordo/DistributedFunctions/cmd/fs/controllers/run.go:24.39,26.3 1 0
github.com/GabeCordo/DistributedFunctions/cmd/fs/controllers/run.go:26.8,28.3 1 0
github.com/GabeCordo/DistributedFunctions/cmd/fs/controllers/run.go:30.2,30.30 1 0
github.com/GabeCordo/DistributedFunctions/cmd/fs/controllers/run.go:33.70,36.38 2 0
github.com/GabeCordo/DistributedFunctions/cmd/fs/controllers/run.go:36.38,39.3 2 0
github.com/GabeCordo/DistributedFunctions/cmd/fs/controllers/run.go:41.2,48.16 6 0
github.com/GabeCordo/DistributedFunctions/cmd/fs/controllers/run.go:48.16,51.3 2 0
github.com/GabeCordo/DistributedFunctions/cmd/fs/controllers/run.go:53.2,53.12 1 0
github.com/GabeCordo/DistributedFunctions/cmd/fs/controllers/run.go:53.12,55.3 1 0
github.com/GabeCordo/DistributedFunctions/cmd/fs/controllers/run.go:57.2,59.12 2 0
github.com/GabeCordo/DistributedFunctions/cmd/fs/controllers/run.go:59.12,61.7 2 0
github.com/GabeCordo/DistributedFunctions/cmd/fs/controllers/run.go:61.7,65.18 3 0
github.com/GabeCordo/DistributedFunctions/cmd/fs/controllers/run.go:65.18,67.5 1 0
github.com/GabeCordo/DistributedFunctions/cmd/fs/controllers/run.go:69.4,69.23 1 0
github.com/GabeCordo/DistributedFunctions/cmd/fs/controllers/run.go:69.23,70.19 1 0
github.com/GabeCordo/DistributedFunctions/cmd/fs/controllers/run.go:70.19,73.6 2 0
github.com/GabeCordo/DistributedFunctions/cmd/fs/controllers/run.go:74.5,74.10 1 0
github.com/GabeCordo/DistributedFunctions/cmd/fs/controllers/run.go:75.10,77.5 1 0
github.com/GabeCordo/DistributedFunctions/cmd/fs/controllers/run.go:81.2,82.8 2 0
github.com/GabeCordo/DistributedFunctions/cmd/fs/controllers/run.go:85.68,88.35 2 0
github.com/GabeCordo/DistributedFunctions/cmd/fs/controllers/run.go:88.35,91.3 2 0
github.com/GabeCordo/DistributedFunctions/cmd/fs/controllers/run.go:93.2,94.16 2 0
github.com/GabeCordo/DistributedFunctions/cmd/fs/controllers/run.go:94.16,97.3 2 0
github.com/GabeCordo/DistributedFunctions/cmd/fs/controllers/run.go:99.2,103.16 4 0
github.com/GabeCordo/DistributedFunctions/cmd/fs/controllers/run.go:103.16,106.3 2 0
github.com/GabeCordo/DistributedFunctions/cmd/fs/controllers/run.go:107.2,107.33 1 0
github.com/GabeCordo/DistributedFunctions/cmd/fs/controllers/run.go:110.68,113.35 2 0
github.com/GabeCordo/DistributedFunctions/cmd/fs/controllers/run.go:113.35,116.3 2 0
github.com/GabeCordo/DistributedFunctions/cmd/fs/controllers/run.go:118.2,119.16 2 0
github.com/GabeCordo/DistributedFunctions/cmd/fs/controllers/run.go:119.16,122.3 2 0
github.com/GabeCordo/DistributedFunctions/cmd/fs/controllers/run.go:124.2,127.16 3 0
github.com/GabeCordo/DistributedFunctions/cmd/fs/controllers/run.go:127.16,129.3 1 0
github.com/GabeCordo/DistributedFunctions/cmd/fs/controllers/run.go:129.8,131.3 1 0
github.com/GabeCordo/DistributedFunctions/cmd/fs/controllers/schedule.go:23.66,25.18 1 0
github.com/GabeCordo/DistributedFunctions/cmd/fs/controllers/schedule.go:25.18,27.3 1 0
github.com/GabeCordo/DistributedFunctions/cmd/fs/controllers/schedule.go:29.2,30.21 2 0
github.com/GabeCordo/DistributedFunctions/cmd/fs/controllers/schedule.go:30.21,32.3 1 0
github.com/GabeCordo/DistributedFunctions/cmd/fs/controllers/schedule.go:34.2,34.50 1 0
github.com/GabeCordo/DistributedFunctions/cmd/fs/controllers/schedule.go:34.50,36.3 1 0
github.com/GabeCordo/DistributedFunctions/cmd/fs/controllers/schedule.go:36.8,38.3 1 0
github.com/GabeCordo/DistributedFunctions/cmd/fs/controllers/schedule.go:41.106,45.15 2 0
github.com/GabeCordo/DistributedFunctions/cmd/fs/controllers/schedule.go:45.15,46.49 1 0
github.com/GabeCordo/DistributedFunctions/cmd/fs/controllers/schedule.go:50.2,51.43 2 0
github.com/GabeCordo/DistributedFunctions/cmd/fs/controllers/schedule.go:51.43,54.3 2 0
github.com/GabeCordo/DistributedFunctions/cmd/fs/controllers/schedule.go:57.2,58.42 2 0
github.com/GabeCordo/DistributedFunctions/cmd/fs/controllers/schedule.go:58.42,61.3 2 0
github.com/GabeCordo/DistributedFunctions/cmd/fs/controllers/schedule.go:65.2,65.34 1 0
github.com/GabeCordo/DistributedFunctions/cmd/fs/controllers/schedule.go:65.34,68.42 2 0
github.com/GabeCordo/DistributedFunctions/cmd/fs/controllers/schedule.go:68.42,71.4 2 0
github.com/GabeCordo/DistributedFunctions/cmd/fs/controllers/schedule.go:73.3,74.38 2 0
github.com/GabeCordo/DistributedFunctions/cmd/fs/controllers/schedule.go:74.38,77.4 2 0
github.com/GabeCordo/DistributedFunctions/cmd/fs/controllers/schedule.go:77.9,79.4 1 0
github.com/GabeCordo/DistributedFunctions/cmd/fs/controllers/schedule.go:82.2,85.85 3 0
github.com/GabeCordo/DistributedFunctions/cmd/fs/controllers/schedule.go:85.85,89.3 2 0
github.com/GabeCordo/DistributedFunctions/cmd/fs/controllers/schedule.go:89.8,89.23 1 0
github.com/GabeCordo/DistributedFunctions/cmd/fs/controllers/schedule.go:89.23,92.50 3 0
github.com/GabeCordo/DistributedFunctions/cmd/fs/controllers/schedule.go:92.50,93.49 1 0
github.com/GabeCordo/DistributedFunctions/cmd/fs/controllers/schedule.go:93.49,95.5 1 0
github.com/GabeCordo/DistributedFunctions/cmd/fs/controllers/schedule.go:96.9,98.4 1 0
github.com/GabeCordo/DistributedFunctions/cmd/fs/controllers/schedule.go:103.2,103.34 1 0
github.com/GabeCordo/DistributedFunctions/cmd/fs/controllers/schedule.go:103.34,105.23 1 0
github.com/GabeCordo/DistributedFunctions/cmd/fs/controllers/schedule.go:105.23,107.4 1 0
github.com/GabeCordo/DistributedFunctions/cmd/fs/controllers/schedule.go:108.3,111.17 3 0
github.com/GabeCordo/DistributedFunctions/cmd/fs/controllers/schedule.go:111.17,113.4 1 0
github.com/GabeCordo/DistributedFunctions/cmd/fs/controllers/schedule.go:115.3,116.17 2 0
github.com/GabeCordo/DistributedFunctions/cmd/fs/controllers/schedule.go:116.17,119.4 2 0
github.com/GabeCordo/DistributedFunctions/cmd/fs/controllers/schedule.go:121.3,121.73 1 0
github.com/GabeCordo/DistributedFunctions/cmd/fs/controllers/schedule.go:123.8,126.31 2 0
github.com/GabeCordo/DistributedFunctions/cmd/fs/controllers/schedule.go:126.31,127.37 1 0
github.com/GabeCordo/DistributedFunctions/cmd/fs/controllers/schedule.go:127.37,129.5 1 0
github.com/GabeCordo/DistributedFunctions/cmd/fs/controllers/schedule.go:132.3,134.45 2 0
github.com/GabeCordo/DistributedFunctions/cmd/fs/controllers/schedule.go:134.45,136.4 1 0
github.com/GabeCordo/DistributedFunctions/cmd/fs/controllers/schedule.go:138.3,138.32 1 0
github.com/GabeCordo/DistributedFunctions/cmd/fs/controllers/schedule.go:138.32,142.18 3 0
github.com/GabeCordo/DistributedFunctions/cmd/fs/controllers/schedule.go:142.18,145.5 2 0
github.com/GabeCordo/DistributedFunctions/cmd/fs/controllers/schedule.go:147.4,149.60 2 0
github.com/GabeCordo/DistributedFunctions/cmd/fs/controllers/schedule.go:153.2,153.30 1 0
github.com/GabeCordo/DistributedFunctions/cmd/fs/controllers/start.go:17.33,22.2 4 0
github.com/GabeCordo/DistributedFunctions/cmd/fs/controllers/start.go:30.78,34.2 2 0
github.com/GabeCordo/DistributedFunctions/cmd/fs/controllers/start.go:36.98,38.26 1 0
github.com/GabeCordo/DistributedFunctions/cmd/fs/controllers/start.go:38.26,41.3 2 0
github.com/GabeCordo/DistributedFunctions/cmd/fs/controllers/start.go:43.2,43.12 1 0
github.com/GabeCordo/DistributedFunctions/cmd/fs/controllers/start.go:46.92,50.57 1 0
github.com/GabeCordo/DistributedFunctions/cmd/fs/controllers/start.go:50.57,53.3 2 0
github.com/GabeCordo/DistributedFunctions/cmd/fs/controllers/start.go:55.2,59.16 4 0
github.com/GabeCordo/DistributedFunctions/cmd/fs/controllers/start.go:59.16,62.3 2 0
github.com/GabeCordo/DistributedFunctions/cmd/fs/controllers/start.go:64.2,65.16 2 0
github.com/GabeCordo/DistributedFunctions/cmd/fs/controllers/start.go:65.16,68.3 2 0
github.com/GabeCordo/DistributedFunctions/cmd/fs/controllers/start.go:69.2,72.16 3 0
github.com/GabeCordo/DistributedFunctions/cmd/fs/controllers/start.go:72.16,75.3 2 0
github.com/GabeCordo/DistributedFunctions/cmd/fs/controllers/start.go:77.2,79.30 2 0
github.com/GabeCordo/DistributedFunctions/cmd/fs/controllers/statistics.go:14.108,16.101 1 0
github.com/GabeCordo/DistributedFunctions/cmd/fs/controllers/statistics.go:16.101,18.50 1 0
github.com/GabeCordo/DistributedFunctions/cmd/fs/controllers/statistics.go:18.50,20.4 1 0
github.com/GabeCordo/DistributedFunctions/cmd/fs/controllers/statistics.go:22.3,23.13 2 0
github.com/GabeCordo/DistributedFunctions/cmd/fs/controllers/statistics.go:26.2,26.16 1 0
github.com/GabeCordo/DistributedFunctions/cmd/fs/controllers/statistics.go:26.16,28.3 1 0
github.com/GabeCordo/DistributedFunctions/cmd/fs/controllers/statistics.go:30.2,30.30 1 0
github.com/GabeCordo/DistributedFunctions/cmd/fs/controllers/stats.go:20.103,22.32 1 0
github.com/GabeCordo/DistributedFunctions/cmd/fs/controllers/stats.go:22.32,24.3 1 0
github.com/GabeCordo/DistributedFunctions/cmd/fs/controllers/stats.go:26.2,26.30 1 0
github.com/GabeCordo/DistributedFunctions/cmd/fs/controllers/stats.go:29.74,32.35 2 0
github.com/GabeCordo/DistributedFunctions/cmd/fs/controllers/stats.go:32.35,35.3 2 0
github.com/GabeCordo/DistributedFunctions/cmd/fs/controllers/stats.go:37.2,38.16 2 0
github.com/GabeCordo/DistributedFunctions/cmd/fs/controllers/stats.go:38.16,41.3 2 0
github.com/GabeCordo/DistributedFunctions/cmd/fs/controllers/stats.go:43.2,48.12 4 0
github.com/GabeCordo/DistributedFunctions/cmd/fs/controllers/stats.go:48.12,50.7 1 0
github.com/GabeCordo/DistributedFunctions/cmd/fs/controllers/stats.go:50.7,53.18 2 0
github.com/GabeCordo/DistributedFunctions/cmd/fs/controllers/stats.go:53.18,56.5 2 0
github.com/GabeCordo/DistributedFunctions/cmd/fs/controllers/stats.go:58.4,58.24 1 0
github.com/GabeCordo/DistributedFunctions/cmd/fs/controllers/stats.go:58.24,61.5 2 0
github.com/GabeCordo/DistributedFunctions/cmd/fs/controllers/stats.go:63.4,64.47 2 0
github.com/GabeCordo/DistributedFunctions/cmd/fs/controllers/stats.go:64.47,66.5 1 0
github.com/GabeCordo/DistributedFunctions/cmd/fs/controllers/stats.go:67.4,69.38 2 0
github.com/GabeCordo/DistributedFunctions/cmd/fs/controllers/stats.go:73.2,74.8 2 0
github.com/GabeCordo/DistributedFunctions/internal/shared/api/gate.go:10.32,13.16 2 0
github.com/GabeCordo/DistributedFunctions/internal/shared/api/gate.go:13.16,15.3 1 0
github.com/GabeCordo/DistributedFunctions/internal/shared/api/gate.go:16.2,16.33 1 0
github.com/GabeCordo/DistributedFunctions/internal/shared/api/gate.go:16.33,18.17 2 0
github.com/GabeCordo/DistributedFunctions/internal/shared/api/gate.go:18.17,20.4 1 0
github.com/GabeCordo/DistributedFunctions/internal/shared/api/gate.go:23.2,23.37 1 0
github.com/GabeCordo/DistributedFunctions/internal/shared/api/gate.go:23.37,25.3 1 0
github.com/GabeCordo/DistributedFunctions/internal/shared/api/gate.go:27.2,29.16 3 0
github.com/GabeCordo/DistributedFunctions/internal/shared/api/gate.go:29.16,31.3 1 0
github.com/GabeCordo/DistributedFunctions/internal/shared/api/gate.go:33.2,34.9 2 0
github.com/GabeCordo/DistributedFunctions/internal/shared/api/gate.go:34.9,36.3 1 0
github.com/GabeCordo/DistributedFunctions/internal/shared/api/gate.go:38.2,38.21 1 0
github.com/GabeCordo/DistributedFunctions/internal/shared/api/gate.go:41.33,46.16 3 0
github.com/GabeCordo/DistributedFunctions/internal/shared/api/gate.go:46.16,48.3 1 0
github.com/GabeCordo/DistributedFunctions/internal/shared/api/gate.go:50.2,51.16 2 0
github.com/GabeCordo/DistributedFunctions/internal/shared/api/gate.go:51.16,53.3 1 0
github.com/GabeCordo/DistributedFunctions/internal/shared/api/gate.go:54.2,54.33 1 0
github.com/GabeCordo/DistributedFunctions/internal/shared/api/gate.go:54.33,56.17 2 0
github.com/GabeCordo/DistributedFunctions/internal/shared/api/gate.go:56.17,58.4 1 0
github.com/GabeCordo/DistributedFunctions/internal/shared/api/gate.go:61.2,61.37 1 0
github.com/GabeCordo/DistributedFunctions/internal/shared/api/gate.go:61.37,63.3 1 0
github.com/GabeCordo/DistributedFunctions/internal/shared/api/gate.go:65.2,65.12 1 0
github.com/GabeCordo/DistributedFunctions/internal/shared/api/gate.go:68.36,72.16 3 0
github.com/GabeCordo/DistributedFunctions/internal/shared/api/gate.go:72.16,74.3 1 0
github.com/GabeCordo/DistributedFunctions/internal/shared/api/gate.go:76.2,77.16 2 0
github.com/GabeCordo/DistributedFunctions/internal/shared/api/gate.go:77.16,79.3 1 0
github.com/GabeCordo/DistributedFunctions/internal/shared/api/gate.go:80.2,80.33 1 0
github.com/GabeCordo/DistributedFunctions/internal/shared/api/gate.go:80.33,82.17 2 0
github.com/GabeCordo/DistributedFunctions/internal/shared/api/gate.go:82.17,84.4 1 0
github.com/GabeCordo/DistributedFunctions/internal/shared/api/gate.go:87.2,87.37 1 0
github.com/GabeCordo/DistributedFunctions/internal/shared/api/gate.go:87.37,89.3 1 0
github.com/GabeCordo/DistributedFunctions/internal/shared/api/gate.go:91.2,91.12 1 0
github.com/GabeCordo/DistributedFunctions/internal/shared/api/pipeline.go:15.81,27.16 3 0
github.com/GabeCordo/DistributedFunctions/internal/shared/api/pipeline.go:27.16,29.3 1 0
github.com/GabeCordo/DistributedFunctions/internal/shared/api/pipeline.go:31.2,33.16 3 0
github.com/GabeCordo/DistributedFunctions/internal/shared/api/pipeline.go:33.16,35.3 1 0
github.com/GabeCordo/DistributedFunctions/internal/shared/api/pipeline.go:37.2,38.16 2 0
github.com/GabeCordo/DistributedFunctions/internal/shared/api/pipeline.go:38.16,40.3 1 0
github.com/GabeCordo/DistributedFunctions/internal/shared/api/pipeline.go:42.2,42.37 1 0
github.com/GabeCordo/DistributedFunctions/internal/shared/api/pipeline.go:42.37,44.3 1 0
github.com/GabeCordo/DistributedFunctions/internal/shared/api/pipeline.go:46.2,46.12 1 0
github.com/GabeCordo/DistributedFunctions/internal/shared/api/pipeline.go:49.65,53.16 3 0
github.com/GabeCordo/DistributedFunctions/internal/shared/api/pipeline.go:53.16,55.3 1 0
github.com/GabeCordo/DistributedFunctions/internal/shared/api/pipeline.go:57.2,58.16 2 0
github.com/GabeCordo/DistributedFunctions/internal/shared/api/pipeline.go:58.16,60.3 1 0
github.com/GabeCordo/DistributedFunctions/internal/shared/api/pipeline.go:61.2,61.33 1 0
github.com/GabeCordo/DistributedFunctions/internal/shared/api/pipeline.go:61.33,63.17 2 0
github.com/GabeCordo/DistributedFunctions/internal/shared/api/pipeline.go:63.17,65.4 1 0
github.com/GabeCordo/DistributedFunctions/internal/shared/api/pipeline.go:68.2,68.43 1 0
github.com/GabeCordo/DistributedFunctions/internal/shared/api/pipeline.go:68.43,70.3 1 0
github.com/GabeCordo/DistributedFunctions/internal/shared/api/pipeline.go:72.2,74.16 3 0
github.com/GabeCordo/DistributedFunctions/internal/shared/api/pipeline.go:74.16,76.3 1 0
github.com/GabeCordo/DistributedFunctions/internal/shared/api/pipeline.go:78.2,78.30 1 0
github.com/GabeCordo/DistributedFunctions/internal/shared/api/pipeline.go:78.30,79.25 1 0
github.com/GabeCordo/DistributedFunctions/internal/shared/api/pipeline.go:79.25,81.4 1 0
github.com/GabeCordo/DistributedFunctions/internal/shared/api/pipeline.go:84.2,84.19 1 0
github.com/GabeCordo/DistributedFunctions/internal/shared/api/pipeline.go:87.90,92.16 3 0
github.com/GabeCordo/DistributedFunctions/internal/shared/api/pipeline.go:92.16,94.3 1 0
github.com/GabeCordo/DistributedFunctions/internal/shared/api/pipeline.go:96.2,97.16 2 0
github.com/GabeCordo/DistributedFunctions/internal/shared/api/pipeline.go:97.16,99.3 1 0
github.com/GabeCordo/DistributedFunctions/internal/shared/api/pipeline.go:101.2,102.16 2 0
github.com/GabeCordo/DistributedFunctions/internal/shared/api/pipeline.go:102.16,104.3 1 0
github.com/GabeCordo/DistributedFunctions/internal/shared/api/pipeline.go:105.2,105.33 1 0
github.com/GabeCordo/DistributedFunctions/internal/shared/api/pipeline.go:105.33,107.17 2 0
github.com/GabeCordo/DistributedFunctions/internal/shared/api/pipeline.go:107.17,109.4 1 0
github.com/GabeCordo/DistributedFunctions/internal/shared/api/pipeline.go:112.2,112.37 1 0
github.com/GabeCordo/DistributedFunctions/internal/shared/api/pipeline.go:112.37,114.3 1 0
github.com/GabeCordo/DistributedFunctions/internal/shared/api/pipeline.go:114.8,116.3 1 0
github.com/GabeCordo/DistributedFunctions/internal/shared/api/pipeline.go:119.91,124.16 3 0
github.com/GabeCordo/DistributedFunctions/internal/shared/api/pipeline.go:124.16,126.3 1 0
github.com/GabeCordo/DistributedFunctions/internal/shared/api/pipeline.go:128.2,129.16 2 0
github.com/GabeCordo/DistributedFunctions/internal/shared/api/pipeline.go:129.16,131.3 1 0
github.com/GabeCordo/DistributedFunctions/internal/shared/api/pipeline.go:133.2,134.16 2 0
github.com/GabeCordo/DistributedFunctions/internal/shared/api/pipeline.go:134.16,136.3 1 0
github.com/GabeCordo/DistributedFunctions/internal/shared/api/pipeline.go:137.2,137.33 1 0
github.com/GabeCordo/DistributedFunctions/internal/shared/api/pipeline.go:137.33,139.17 2 0
github.com/GabeCordo/DistributedFunctions/internal/shared/api/pipeline.go:139.17,141.4 1 0
github.com/GabeCordo/DistributedFunctions/internal/shared/api/pipeline.go:144.2,144.37 1 0
github.com/GabeCordo/DistributedFunctions/internal/shared/api/pipeline.go:144.37,146.3 1 0
github.com/GabeCordo/DistributedFunctions/internal/shared/api/pipeline.go:146.8,148.3 1 0
github.com/GabeCordo/DistributedFunctions/internal/shared/api/pipeline.go:151.69,155.16 3 0
github.com/GabeCordo/DistributedFunctions/internal/shared/api/pipeline.go:155.16,157.3 1 0
github.com/GabeCordo/DistributedFunctions/internal/shared/api/pipeline.go:159.2,160.16 2 0
github.com/GabeCordo/DistributedFunctions/internal/shared/api/pipeline.go:160.16,162.3 1 0
github.com/GabeCordo/DistributedFunctions/internal/shared/api/pipeline.go:163.2,163.33 1 0
github.com/GabeCordo/DistributedFunctions/internal/shared/api/pipeline.go:163.33,165.17 2 0
github.com/GabeCordo/DistributedFunctions/internal/shared/api/pipeline.go:165.17,167.4 1 0
github.com/GabeCordo/DistributedFunctions/internal/shared/api/pipeline.go:170.2,170.37 1 0
github.com/GabeCordo/DistributedFunctions/internal/shared/api/pipeline.go:170.37,172.3 1 0
github.com/GabeCordo/DistributedFunctions/internal/shared/api/pipeline.go:173.2,173.12 1 0
github.com/GabeCordo/DistributedFunctions/internal/shared/api/pipeline.go:176.74,187.16 4 0
github.com/GabeCordo/DistributedFunctions/internal/shared/api/pipeline.go:187.16,189.3 1 0
github.com/GabeCordo/DistributedFunctions/internal/shared/api/pipeline.go:191.2,192.16 2 0
github.com/GabeCordo/DistributedFunctions/internal/shared/api/pipeline.go:192.16,194.3 1 0
github.com/GabeCordo/DistributedFunctions/internal/shared/api/pipeline.go:196.2,197.16 2 0
github.com/GabeCordo/DistributedFunctions/internal/shared/api/pipeline.go:197.16,199.3 1 0
github.com/GabeCordo/DistributedFunctions/internal/shared/api/pipeline.go:200.2,200.33 1 0
github.com/GabeCordo/DistributedFunctions/internal/shared/api/pipeline.go:200.33,202.17 2 0
github.com/GabeCordo/DistributedFunctions/internal/shared/api/pipeline.go:202.17,204.4 1 0
github.com/GabeCordo/DistributedFunctions/internal/shared/api/pipeline.go:207.2,209.37 2 0
github.com/GabeCordo/DistributedFunctions/internal/shared/api/pipeline.go:209.37,211.3 1 0
github.com/GabeCordo/DistributedFunctions/internal/shared/api/pipeline.go:213.2,214.16 2 0
github.com/GabeCordo/DistributedFunctions/internal/shared/api/pipeline.go:214.16,216.3 1 0
github.com/GabeCordo/DistributedFunctions/internal/shared/api/pipeline.go:218.2,218.25 1 0
github.com/GabeCordo/DistributedFunctions/internal/shared/api/pipeline.go:221.72,226.16 3 0
github.com/GabeCordo/DistributedFunctions/internal/shared/api/pipeline.go:226.16,228.3 1 0
github.com/GabeCordo/DistributedFunctions/internal/shared/api/pipeline.go:230.2,231.16 2 0
github.com/GabeCordo/DistributedFunctions/internal/shared/api/pipeline.go:231.16,233.3 1 0
github.com/GabeCordo/DistributedFunctions/internal/shared/api/pipeline.go:234.2,234.33 1 0
github.com/GabeCordo/DistributedFunctions/internal/shared/api/pipeline.go:234.33,236.17 2 0
github.com/GabeCordo/DistributedFunctions/internal/shared/api/pipeline.go:236.17,238.4 1 0
github.com/GabeCordo/DistributedFunctions/internal/shared/api/pipeline.go:241.2,241.37 1 0
github.com/GabeCordo/DistributedFunctions/internal/shared/api/pipeline.go:241.37,243.3 1 0
github.com/GabeCordo/DistributedFunctions/internal/shared/api/pipeline.go:245.2,249.59 2 0
github.com/GabeCordo/DistributedFunctions/internal/shared/api/pipeline.go:249.59,251.3 1 0
github.com/GabeCordo/DistributedFunctions/internal/shared/api/pipeline.go:253.2,253.27 1 0
github.com/GabeCordo/DistributedFunctions/internal/shared/api/pipeline.go:253.27,254.17 1 0
github.com/GabeCordo/DistributedFunctions/internal/shared/api/pipeline.go:254.17,256.4 1 0
github.com/GabeCordo/DistributedFunctions/internal/shared/api/pipeline.go:259.2,259.41 1 0
github.com/GabeCordo/DistributedFunctions/internal/shared/api/pipeline.go:262.44,266.16 3 0
github.com/GabeCordo/DistributedFunctions/internal/shared/api/pipeline.go:266.16,268.3 1 0
github.com/GabeCordo/DistributedFunctions/internal/shared/api/pipeline.go:270.2,271.16 2 0
github.com/GabeCordo/DistributedFunctions/internal/shared/api/pipeline.go:271.16,273.3 1 0
github.com/GabeCordo/DistributedFunctions/internal/shared/api/pipeline.go:275.2,275.37 1 0
github.com/GabeCordo/DistributedFunctions/internal/shared/api/pipeline.go:275.37,277.3 1 0
github.com/GabeCordo/DistributedFunctions/internal/shared/api/pipeline.go:277.8,279.3 1 0
github.com/GabeCordo/DistributedFunctions/internal/shared/api/schedule.go:13.57,17.16 3 0
github.com/GabeCordo/DistributedFunctions/internal/shared/api/schedule.go:17.16,19.3 1 0
github.com/GabeCordo/DistributedFunctions/internal/shared/api/schedule.go:21.2,22.16 2 0
github.com/GabeCordo/DistributedFunctions/internal/shared/api/schedule.go:22.16,24.3 1 0
github.com/GabeCordo/DistributedFunctions/internal/shared/api/schedule.go:25.2,25.33 1 0
github.com/GabeCordo/DistributedFunctions/internal/shared/api/schedule.go:25.33,27.17 2 0
github.com/GabeCordo/DistributedFunctions/internal/shared/api/schedule.go:27.17,29.4 1 0
github.com/GabeCordo/DistributedFunctions/internal/shared/api/schedule.go:32.2,32.37 1 0
github.com/GabeCordo/DistributedFunctions/internal/shared/api/schedule.go:32.37,34.3 1 0
github.com/GabeCordo/DistributedFunctions/internal/shared/api/schedule.go:36.2,37.67 2 0
github.com/GabeCordo/DistributedFunctions/internal/shared/api/schedule.go:37.67,39.3 1 0
github.com/GabeCordo/DistributedFunctions/internal/shared/api/schedule.go:41.2,41.27 1 0
github.com/GabeCordo/DistributedFunctions/internal/shared/api/schedule.go:44.48,48.16 3 0
github.com/GabeCordo/DistributedFunctions/internal/shared/api/schedule.go:48.16,50.3 1 0
github.com/GabeCordo/DistributedFunctions/internal/shared/api/schedule.go:52.2,53.16 2 0
github.com/GabeCordo/DistributedFunctions/internal/shared/api/schedule.go:53.16,55.3 1 0
github.com/GabeCordo/DistributedFunctions/internal/shared/api/schedule.go:57.2,58.16 2 0
github.com/GabeCordo/DistributedFunctions/internal/shared/api/schedule.go:58.16,60.3 1 0
github.com/GabeCordo/DistributedFunctions/internal/shared/api/schedule.go:61.2,61.33 1 0
github.com/GabeCordo/DistributedFunctions/internal/shared/api/schedule.go:61.33,63.17 2 0
github.com/GabeCordo/DistributedFunctions/internal/shared/api/schedule.go:63.17,65.4 1 0
github.com/GabeCordo/DistributedFunctions/internal/shared/api/schedule.go:68.2,68.37 1 0
github.com/GabeCordo/DistributedFunctions/internal/shared/api/schedule.go:68.37,70.3 1 0
github.com/GabeCordo/DistributedFunctions/internal/shared/api/schedule.go:70.8,72.3 1 0
github.com/GabeCordo/DistributedFunctions/internal/shared/api/schedule.go:75.40,80.16 3 0
github.com/GabeCordo/DistributedFunctions/internal/shared/api/schedule.go:80.16,82.3 1 0
github.com/GabeCordo/DistributedFunctions/internal/shared/api/schedule.go:84.2,85.16 2 0
github.com/GabeCordo/DistributedFunctions/internal/shared/api/schedule.go:85.16,87.3 1 0
github.com/GabeCordo/DistributedFunctions/internal/shared/api/schedule.go:88.2,88.33 1 0
github.com/GabeCordo/DistributedFunctions/internal/shared/api/schedule.go:88.33,90.17 2 0
github.com/GabeCordo/DistributedFunctions/internal/shared/api/schedule.go:90.17,92.4 1 0
github.com/GabeCordo/DistributedFunctions/internal/shared/api/schedule.go:95.2,95.37 1 0
github.com/GabeCordo/DistributedFunctions/internal/shared/api/schedule.go:95.37,97.3 1 0
github.com/GabeCordo/DistributedFunctions/internal/shared/api/schedule.go:97.8,99.3 1 0
github.com/GabeCordo/DistributedFunctions/cmd/fs/local/common.go:23.41,25.57 1 0
github.com/GabeCordo/DistributedFunctions/cmd/fs/local/common.go:25.57,26.77 1 0
github.com/GabeCordo/DistributedFunctions/cmd/fs/local/common.go:26.77,28.4 1 0
github.com/GabeCordo/DistributedFunctions/cmd/fs/local/common.go:31.2,31.56 1 0
github.com/GabeCordo/DistributedFunctions/cmd/fs/local/common.go:31.56,32.66 1 0
github.com/GabeCordo/DistributedFunctions/cmd/fs/local/common.go:32.66,34.4 1 0
github.com/GabeCordo/DistributedFunctions/cmd/fs/local/common.go:37.2,38.16 2 0
github.com/GabeCordo/DistributedFunctions/cmd/fs/local/common.go:38.16,40.3 1 0
github.com/GabeCordo/DistributedFunctions/cmd/fs/local/common.go:41.2,41.25 1 0
github.com/GabeCordo/DistributedFunctions/cmd/fs/local/common.go:41.25,43.17 2 0
github.com/GabeCordo/DistributedFunctions/cmd/fs/local/common.go:43.17,45.4 1 0
github.com/GabeCordo/DistributedFunctions/cmd/fs/local/common.go:48.2,48.57 1 0
github.com/GabeCordo/DistributedFunctions/cmd/fs/local/common.go:48.57,50.3 1 0
github.com/GabeCordo/DistributedFunctions/cmd/fs/local/common.go:51.2,51.12 1 0
github.com/GabeCordo/DistributedFunctions/cmd/fs/local/common.go:54.41,57.16 2 0
github.com/GabeCordo/DistributedFunctions/cmd/fs/local/common.go:57.16,59.3 1 0
github.com/GabeCordo/DistributedFunctions/cmd/fs/local/common.go:61.2,62.16 2 0
github.com/GabeCordo/DistributedFunctions/cmd/fs/local/common.go:62.16,64.3 1 0
github.com/GabeCordo/DistributedFunctions/cmd/fs/local/common.go:65.2,65.25 1 0
github.com/GabeCordo/DistributedFunctions/cmd/fs/local/common.go:65.25,67.17 2 0
github.com/GabeCordo/DistributedFunctions/cmd/fs/local/common.go:67.17,69.4 1 0
github.com/GabeCordo/DistributedFunctions/cmd/fs/local/common.go:72.2,72.42 1 0
github.com/GabeCordo/DistributedFunctions/cmd/fs/local/common.go:75.38,78.16 2 0
github.com/GabeCordo/DistributedFunctions/cmd/fs/local/common.go:78.16,79.13 1 0
github.com/GabeCordo/DistributedFunctions/cmd/fs/local/common.go:81.2,81.25 1 0
github.com/GabeCordo/DistributedFunctions/cmd/fs/local/common.go:81.25,83.17 2 0
github.com/GabeCordo/DistributedFunctions/cmd/fs/local/common.go:83.17,85.4 1 0
github.com/GabeCordo/DistributedFunctions/cmd/fs/local/common.go:88.2,88.42 1 0
github.com/GabeCordo/DistributedFunctions/cmd/fs/local/common.go:91.46,93.42 1 0
github.com/GabeCordo/DistributedFunctions/cmd/fs/local/common.go:93.42,98.45 3 0
github.com/GabeCordo/DistributedFunctions/cmd/fs/local/common.go:98.45,100.4 1 0
github.com/GabeCordo/DistributedFunctions/cmd/fs/local/common.go:103.2,103.12 1 0
github.com/GabeCordo/DistributedFunctions/cmd/fs/local/namespace.go:3.28,6.51 2 0
github.com/GabeCordo/DistributedFunctions/cmd/fs/local/namespace.go:6.51,7.13 1 0
github.com/GabeCordo/DistributedFunctions/cmd/fs/local/namespace.go:10.2,10.25 1 0
github.com/GabeCordo/DistributedFunctions/cmd/fs/local/namespace.go:13.40,16.51 2 0
github.com/GabeCordo/DistributedFunctions/cmd/fs/local/namespace.go:16.51,17.13 1 0
github.com/GabeCordo/DistributedFunctions/cmd/fs/local/namespace.go:20.2,22.46 2 0
github.com/GabeCordo/DistributedFunctions/cmd/fs/local/namespace.go:22.46,23.13 1 0
github.com/GabeCordo/DistributedFunctions/cmd/fs/local/namespace.go:27.23,30.51 2 0
github.com/GabeCordo/DistributedFunctions/cmd/fs/local/namespace.go:30.51,31.13 1 0
github.com/GabeCordo/DistributedFunctions/cmd/fs/local/namespace.go:34.2,34.20 1 0
github.com/GabeCordo/DistributedFunctions/cmd/fs/local/namespace.go:37.30,40.51 2 0
github.com/GabeCordo/DistributedFunctions/cmd/fs/local/namespace.go:40.51,41.13 1 0
github.com/GabeCordo/DistributedFunctions/cmd/fs/local/namespace.go:44.2,46.46 2 0
github.com/GabeCordo/DistributedFunctions/cmd/fs/local/namespace.go:46.46,47.13 1 0
github.com/GabeCordo/DistributedFunctions/internal/shared/drivers/mongo/collection.go:17.70,21.16 3 0
github.com/GabeCordo/DistributedFunctions/internal/shared/drivers/mongo/collection.go:21.16,23.3 1 0
github.com/GabeCordo/DistributedFunctions/internal/shared/drivers/mongo/collection.go:25.2,26.12 2 0
github.com/GabeCordo/DistributedFunctions/internal/shared/drivers/mongo/collection.go:29.69,32.2 1 0
github.com/GabeCordo/DistributedFunctions/internal/shared/drivers/mongo/collection.go:34.82,44.2 1 0
github.com/GabeCordo/DistributedFunctions/internal/shared/drivers/mongo/collection.go:46.78,51.2 3 0
github.com/GabeCordo/DistributedFunctions/internal/shared/drivers/mongo/collection.go:53.94,58.2 3 0
github.com/GabeCordo/DistributedFunctions/internal/shared/drivers/mongo/collection.go:60.59,65.2 3 0
github.com/GabeCordo/DistributedFunctions/internal/shared/drivers/mongo/collection.go:67.64,71.37 3 0
github.com/GabeCordo/DistributedFunctions/internal/shared/drivers/mongo/collection.go:71.37,73.3 1 0
github.com/GabeCordo/DistributedFunctions/internal/shared/drivers/mongo/collection.go:75.2,75.30 1 0
github.com/GabeCordo/DistributedFunctions/internal/shared/drivers/mongo/collection.go:75.30,77.3 1 0
github.com/GabeCordo/DistributedFunctions/internal/shared/drivers/mongo/collection.go:78.2,78.12 1 0
github.com/GabeCordo/DistributedFunctions/internal/shared/drivers/mongo/collection.go:81.71,85.2 2 0
github.com/GabeCordo/DistributedFunctions/internal/shared/drivers/mongo/collection.go:87.87,91.2 2 0
github.com/GabeCordo/DistributedFunctions/internal/shared/drivers/mongo/collection.go:93.75,98.2 3 0
github.com/GabeCordo/DistributedFunctions/internal/shared/drivers/mongo/collection.go:100.64,103.16 2 0
github.com/GabeCordo/DistributedFunctions/internal/shared/drivers/mongo/collection.go:103.16,105.3 1 0
github.com/GabeCordo/DistributedFunctions/internal/shared/drivers/mongo/collection.go:106.2,106.12 1 0
github.com/GabeCordo/DistributedFunctions/internal/shared/drivers/mongo/collection.go:109.96,114.16 3 0
github.com/GabeCordo/DistributedFunctions/internal/shared/drivers/mongo/collection.go:114.16,116.3 1 0
github.com/GabeCordo/DistributedFunctions/internal/shared/drivers/mongo/collection.go:118.2,118.30 1 0
github.com/GabeCordo/DistributedFunctions/internal/shared/drivers/mongo/collection.go:118.30,120.3 1 0
github.com/GabeCordo/DistributedFunctions/internal/shared/drivers/mongo/collection.go:122.2,122.12 1 0
github.com/GabeCordo/DistributedFunctions/internal/shared/drivers/mongo/collection.go:125.65,130.2 3 0
github.com/GabeCordo/DistributedFunctions/internal/shared/drivers/mongo/collection.go:132.81,137.2 3 0
github.com/GabeCordo/DistributedFunctions/internal/shared/drivers/mongo/database.go:9.61,12.2 2 0
github.com/GabeCordo/DistributedFunctions/internal/shared/drivers/mongo/mongo.go:19.35,25.2 4 0
github.com/GabeCordo/DistributedFunctions/internal/shared/drivers/mongo/mongo.go:27.42,30.2 1 0
github.com/GabeCordo/DistributedFunctions/internal/shared/drivers/mongo/mongo.go:32.45,38.16 4 0
github.com/GabeCordo/DistributedFunctions/internal/shared/drivers/mongo/mongo.go:38.16,40.3 1 0
github.com/GabeCordo/DistributedFunctions/internal/shared/drivers/mongo/mongo.go:42.2,42.12 1 0
github.com/GabeCordo/DistributedFunctions/internal/shared/drivers/mongo/mongo.go:45.54,49.2 2 0
github.com/GabeCordo/DistributedFunctions/internal/shared/logging/text_logging/text_logging.go:36.62,43.20 4 0
github.com/GabeCordo/DistributedFunctions/internal/shared/logging/text_logging/text_logging.go:43.20,45.3 1 0
github.com/GabeCordo/DistributedFunctions/internal/shared/logging/text_logging/text_logging.go:45.8,46.22 1 0
github.com/GabeCordo/DistributedFunctions/internal/shared/logging/text_logging/text_logging.go:46.22,48.4 1 0
github.com/GabeCordo/DistributedFunctions/internal/shared/logging/text_logging/text_logging.go:49.3,49.26 1 0
github.com/GabeCordo/DistributedFunctions/internal/shared/logging/text_logging/text_logging.go:52.2,54.20 2 0
github.com/GabeCordo/DistributedFunctions/internal/shared/logging/text_logging/text_logging.go:57.66,60.2 2 0
github.com/GabeCordo/DistributedFunctions/internal/shared/logging/text_logging/text_logging.go:62.43,64.2 1 0
github.com/GabeCordo/DistributedFunctions/internal/shared/logging/text_logging/text_logging.go:66.40,67.53 1 0
github.com/GabeCordo/DistributedFunctions/internal/shared/logging/text_logging/text_logging.go:67.53,69.3 1 0
github.com/GabeCordo/DistributedFunctions/internal/shared/logging/text_logging/text_logging.go:69.8,71.3 1 0
github.com/GabeCordo/DistributedFunctions/internal/shared/logging/text_logging/text_logging.go:73.2,73.52 1 0
github.com/GabeCordo/DistributedFunctions/internal/shared/logging/text_logging/text_logging.go:76.52,78.2 1 0
github.com/GabeCordo/DistributedFunctions/internal/shared/logging/text_logging/text_logging.go:80.48,81.24 1 0
github.com/GabeCordo/DistributedFunctions/internal/shared/logging/text_logging/text_logging.go:81.24,83.3 1 0
github.com/GabeCordo/DistributedFunctions/internal/shared/logging/text_logging/text_logging.go:84.2,84.51 1 0
github.com/GabeCordo/DistributedFunctions/internal/shared/logging/text_logging/text_logging.go:87.46,88.24 1 0
github.com/GabeCordo/DistributedFunctions/internal/shared/logging/text_logging/text_logging.go:88.24,90.3 1 0
github.com/GabeCordo/DistributedFunctions/internal/shared/logging/text_logging/text_logging.go:91.2,91.49 1 0
github.com/GabeCordo/DistributedFunctions/internal/shared/logging/text_logging/text_logging.go:94.65,95.24 1 0
github.com/GabeCordo/DistributedFunctions/internal/shared/logging/text_logging/text_logging.go:95.24,97.3 1 0
github.com/GabeCordo/DistributedFunctions/internal/shared/logging/text_logging/text_logging.go:98.2,98.62 1 0
github.com/GabeCordo/DistributedFunctions/internal/shared/logging/text_logging/text_logging.go:101.45,102.24 1 0
github.com/GabeCordo/DistributedFunctions/internal/shared/logging/text_logging/text_logging.go:102.24,104.3 1 0
github.com/GabeCordo/DistributedFunctions/internal/shared/logging/text_logging/text_logging.go:105.2,105.50 1 0
github.com/GabeCordo/DistributedFunctions/internal/shared/logging/text_logging/text_logging.go:108.47,109.24 1 0
github.com/GabeCordo/DistributedFunctions/internal/shared/logging/text_logging/text_logging.go:109.24,111.3 1 0
github.com/GabeCordo/DistributedFunctions/internal/shared/logging/text_logging/text_logging.go:112.2,112.52 1 0
github.com/GabeCordo/DistributedFunctions/internal/shared/logging/text_logging/text_logging.go:115.64,116.24 1 0
github.com/GabeCordo/DistributedFunctions/internal/shared/logging/text_logging/text_logging.go:116.24,118.3 1 0
github.com/GabeCordo/DistributedFunctions/internal/shared/logging/text_logging/text_logging.go:119.2,119.63 1 0
github.com/GabeCordo/DistributedFunctions/internal/shared/logging/text_logging/text_logging.go:122.46,123.24 1 0
github.com/GabeCordo/DistributedFunctions/internal/shared/logging/text_logging/text_logging.go:123.24,125.3 1 0
github.com/GabeCordo/DistributedFunctions/internal/shared/logging/text_logging/text_logging.go:126.2,126.48 1 0
github.com/GabeCordo/DistributedFunctions/internal/shared/logging/text_logging/text_logging.go:129.48,130.24 1 0
github.com/GabeCordo/DistributedFunctions/internal/shared/logging/text_logging/text_logging.go:130.24,132.3 1 0
github.com/GabeCordo/DistributedFunctions/internal/shared/logging/text_logging/text_logging.go:133.2,133.50 1 0
github.com/GabeCordo/DistributedFunctions/internal/shared/logging/text_logging/text_logging.go:136.65,137.24 1 0
github.com/GabeCordo/DistributedFunctions/internal/shared/logging/text_logging/text_logging.go:137.24,139.3 1 0
github.com/GabeCordo/DistributedFunctions/internal/shared/logging/text_logging/text_logging.go:140.2,140.61 1 0
github.com/GabeCordo/DistributedFunctions/internal/shared/logging/text_logging/text_logging.go:143.46,144.24 1 0
github.com/GabeCordo/DistributedFunctions/internal/shared/logging/text_logging/text_logging.go:144.24,146.3 1 0
github.com/GabeCordo/DistributedFunctions/internal/shared/logging/text_logging/text_logging.go:147.2,147.48 1 0
github.com/GabeCordo/DistributedFunctions/internal/shared/logging/text_logging/text_logging.go:150.48,151.24 1 0
github.com/GabeCordo/DistributedFunctions/internal/shared/logging/text_logging/text_logging.go:151.24,153.3 1 0
github.com/GabeCordo/DistributedFunctions/internal/shared/logging/text_logging/text_logging.go:154.2,154.50 1 0
github.com/GabeCordo/DistributedFunctions/internal/shared/logging/text_logging/text_logging.go:157.65,158.24 1 0
github.com/GabeCordo/DistributedFunctions/internal/shared/logging/text_logging/text_logging.go:158.24,160.3 1 0
github.com/GabeCordo/DistributedFunctions/internal/shared/logging/text_logging/text_logging.go:161.2,161.61 1 0
github.com/GabeCordo/DistributedFunctions/internal/shared/socket/json_socket/json_client.go:35.26,42.2 4 1
github.com/GabeCordo/DistributedFunctions/internal/shared/socket/json_socket/json_client.go:50.63,52.21 1 0
github.com/GabeCordo/DistributedFunctions/internal/shared/socket/json_socket/json_client.go:52.21,54.3 1 0
github.com/GabeCordo/DistributedFunctions/internal/shared/socket/json_socket/json_client.go:56.2,61.12 2 0
github.com/GabeCordo/DistributedFunctions/internal/shared/socket/json_socket/json_client.go:69.63,71.2 1 1
github.com/GabeCordo/DistributedFunctions/internal/shared/socket/json_socket/json_client.go:73.74,75.82 1 1
github.com/GabeCordo/DistributedFunctions/internal/shared/socket/json_socket/json_client.go:75.82,77.27 1 1
github.com/GabeCordo/DistributedFunctions/internal/shared/socket/json_socket/json_client.go:77.27,79.4 1 1
github.com/GabeCordo/DistributedFunctions/internal/shared/socket/json_socket/json_client.go:79.9,81.4 1 0
github.com/GabeCordo/DistributedFunctions/internal/shared/socket/json_socket/json_client.go:83.3,83.17 1 1
github.com/GabeCordo/DistributedFunctions/internal/shared/socket/json_socket/json_client.go:83.17,86.9 3 1
github.com/GabeCordo/DistributedFunctions/internal/shared/socket/json_socket/json_client.go:89.3,89.53 1 0
github.com/GabeCordo/DistributedFunctions/internal/shared/socket/json_socket/json_client.go:89.53,91.4 1 0
github.com/GabeCordo/DistributedFunctions/internal/shared/socket/json_socket/json_client.go:91.9,93.4 1 0
github.com/GabeCordo/DistributedFunctions/internal/shared/socket/json_socket/json_client.go:96.2,96.24 1 1
github.com/GabeCordo/DistributedFunctions/internal/shared/socket/json_socket/json_client.go:109.50,112.16 2 1
github.com/GabeCordo/DistributedFunctions/internal/shared/socket/json_socket/json_client.go:112.16,116.3 1 0
github.com/GabeCordo/DistributedFunctions/internal/shared/socket/json_socket/json_client.go:121.2,121.12 1 1
github.com/GabeCordo/DistributedFunctions/internal/shared/socket/json_socket/json_client.go:121.12,123.17 2 1
github.com/GabeCordo/DistributedFunctions/internal/shared/socket/json_socket/json_client.go:123.17,125.4 1 0
github.com/GabeCordo/DistributedFunctions/internal/shared/socket/json_socket/json_client.go:130.2,130.6 1 1
github.com/GabeCordo/DistributedFunctions/internal/shared/socket/json_socket/json_client.go:130.6,134.17 2 1
github.com/GabeCordo/DistributedFunctions/internal/shared/socket/json_socket/json_client.go:134.17,136.4 1 0
github.com/GabeCordo/DistributedFunctions/internal/shared/socket/json_socket/json_client.go:142.3,142.44 1 1
github.com/GabeCordo/DistributedFunctions/internal/shared/socket/json_socket/json_client.go:142.44,143.9 1 1
github.com/GabeCordo/DistributedFunctions/internal/shared/socket/json_socket/json_client.go:152.3,152.7 1 0
github.com/GabeCordo/DistributedFunctions/internal/shared/socket/json_socket/json_client.go:152.7,158.18 3 0
github.com/GabeCordo/DistributedFunctions/internal/shared/socket/json_socket/json_client.go:158.18,161.15 2 0
github.com/GabeCordo/DistributedFunctions/internal/shared/socket/json_socket/json_client.go:161.15,163.20 2 0
github.com/GabeCordo/DistributedFunctions/internal/shared/socket/json_socket/json_client.go:163.20,165.7 1 0
github.com/GabeCordo/DistributedFunctions/internal/shared/socket/json_socket/json_client.go:168.5,168.10 1 0
github.com/GabeCordo/DistributedFunctions/internal/shared/socket/json_socket/json_client.go:169.11,171.5 0 0
github.com/GabeCordo/DistributedFunctions/internal/shared/socket/json_socket/json_client.go:177.2,177.12 1 1
github.com/GabeCordo/DistributedFunctions/internal/shared/socket/json_socket/json_client.go:185.59,187.30 1 1
github.com/GabeCordo/DistributedFunctions/internal/shared/socket/json_socket/json_client.go:187.30,189.3 1 0
github.com/GabeCordo/DistributedFunctions/internal/shared/socket/json_socket/json_client.go:191.2,191.40 1 1
github.com/GabeCordo/DistributedFunctions/internal/shared/socket/json_socket/json_client.go:199.42,201.30 1 0
github.com/GabeCordo/DistributedFunctions/internal/shared/socket/json_socket/json_client.go:201.30,203.3 1 0
github.com/GabeCordo/DistributedFunctions/internal/shared/socket/json_socket/json_client.go:205.2,205.40 1 0
github.com/GabeCordo/DistributedFunctions/internal/shared/socket/json_socket/json_client.go:213.42,215.30 1 1
github.com/GabeCordo/DistributedFunctions/internal/shared/socket/json_socket/json_client.go:215.30,217.3 1 0
github.com/GabeCordo/DistributedFunctions/internal/shared/socket/json_socket/json_client.go:219.2,220.12 2 1
github.com/GabeCordo/DistributedFunctions/internal/shared/socket/json_socket/json_server.go:33.26,39.2 4 1
github.com/GabeCordo/DistributedFunctions/internal/shared/socket/json_socket/json_server.go:47.71,50.27 1 0
github.com/GabeCordo/DistributedFunctions/internal/shared/socket/json_socket/json_server.go:50.27,52.3 1 0
github.com/GabeCordo/DistributedFunctions/internal/shared/socket/json_socket/json_server.go:55.2,60.12 2 0
github.com/GabeCordo/DistributedFunctions/internal/shared/socket/json_socket/json_server.go:69.63,71.2 1 1
github.com/GabeCordo/DistributedFunctions/internal/shared/socket/json_socket/json_server.go:83.65,90.26 3 1
github.com/GabeCordo/DistributedFunctions/internal/shared/socket/json_socket/json_server.go:90.26,92.3 1 0
github.com/GabeCordo/DistributedFunctions/internal/shared/socket/json_socket/json_server.go:92.8,94.3 1 1
github.com/GabeCordo/DistributedFunctions/internal/shared/socket/json_socket/json_server.go:96.2,96.16 1 1
github.com/GabeCordo/DistributedFunctions/internal/shared/socket/json_socket/json_server.go:96.16,98.3 1 0
github.com/GabeCordo/DistributedFunctions/internal/shared/socket/json_socket/json_server.go:100.2,100.36 1 1
github.com/GabeCordo/DistributedFunctions/internal/shared/socket/json_socket/json_server.go:100.36,102.17 2 0
github.com/GabeCordo/DistributedFunctions/internal/shared/socket/json_socket/json_server.go:102.17,104.4 1 0
github.com/GabeCordo/DistributedFunctions/internal/shared/socket/json_socket/json_server.go:107.2,108.6 2 1
github.com/GabeCordo/DistributedFunctions/internal/shared/socket/json_socket/json_server.go:108.6,111.17 2 2
github.com/GabeCordo/DistributedFunctions/internal/shared/socket/json_socket/json_server.go:111.17,112.12 1 0
github.com/GabeCordo/DistributedFunctions/internal/shared/socket/json_socket/json_server.go:116.3,116.42 1 1
github.com/GabeCordo/DistributedFunctions/internal/shared/socket/json_socket/json_server.go:122.62,125.16 2 1
github.com/GabeCordo/DistributedFunctions/internal/shared/socket/json_socket/json_server.go:125.16,128.17 3 0
github.com/GabeCordo/DistributedFunctions/internal/shared/socket/json_socket/json_server.go:128.17,130.4 1 0
github.com/GabeCordo/DistributedFunctions/internal/shared/socket/json_socket/json_server.go:131.3,131.9 1 0
github.com/GabeCordo/DistributedFunctions/internal/shared/socket/json_socket/json_server.go:134.2,135.16 2 1
github.com/GabeCordo/DistributedFunctions/internal/shared/socket/json_socket/json_server.go:135.16,138.17 3 0
github.com/GabeCordo/DistributedFunctions/internal/shared/socket/json_socket/json_server.go:138.17,140.4 1 0
github.com/GabeCordo/DistributedFunctions/internal/shared/socket/json_socket/json_server.go:141.3,141.9 1 0
github.com/GabeCordo/DistributedFunctions/internal/shared/socket/json_socket/json_server.go:144.2,144.12 1 1
github.com/GabeCordo/DistributedFunctions/internal/shared/socket/json_socket/json_server.go:144.12,146.17 2 1
github.com/GabeCordo/DistributedFunctions/internal/shared/socket/json_socket/json_server.go:146.17,148.4 1 0
github.com/GabeCordo/DistributedFunctions/internal/shared/socket/json_socket/json_server.go:151.2,151.51 1 1
github.com/GabeCordo/DistributedFunctions/internal/shared/socket/json_socket/json_server.go:151.51,153.3 1 1
github.com/GabeCordo/DistributedFunctions/internal/shared/socket/json_socket/json_server.go:155.2,155.16 1 1
github.com/GabeCordo/DistributedFunctions/internal/shared/socket/json_socket/json_server.go:155.16,157.3 1 0
github.com/GabeCordo/DistributedFunctions/internal/shared/socket/json_socket/json_server.go:159.2,162.16 3 1
github.com/GabeCordo/DistributedFunctions/internal/shared/socket/json_socket/json_server.go:162.16,164.3 1 0
github.com/GabeCordo/DistributedFunctions/internal/shared/socket/json_socket/json_server.go:166.2,167.16 2 1
github.com/GabeCordo/DistributedFunctions/internal/shared/socket/json_socket/json_server.go:167.16,169.3 1 0
github.com/GabeCordo/DistributedFunctions/internal/shared/socket/json_socket/json_server.go:181.83,184.16 2 0
github.com/GabeCordo/DistributedFunctions/internal/shared/socket/json_socket/json_server.go:184.16,186.3 1 0
github.com/GabeCordo/DistributedFunctions/internal/shared/socket/json_socket/json_server.go:188.2,188.29 1 0
github.com/GabeCordo/DistributedFunctions/internal/shared/socket/json_socket/json_types.go:25.65,27.2 1 2
github.com/GabeCordo/DistributedFunctions/internal/shared/socket/json_socket/json_types.go:36.65,38.2 1 2
github.com/GabeCordo/DistributedFunctions/internal/shared/nonce/nonce.go:14.32,22.2 5 0
github.com/GabeCordo/DistributedFunctions/internal/shared/nonce/nonce.go:24.32,29.25 3 0
github.com/GabeCordo/DistributedFunctions/internal/shared/nonce/nonce.go:29.25,31.3 1 0
github.com/GabeCordo/DistributedFunctions/internal/shared/nonce/nonce.go:31.8,33.3 1 0
github.com/GabeCordo/DistributedFunctions/internal/shared/nonce/nonce.go:35.2,35.17 1 0
github.com/GabeCordo/DistributedFunctions/internal/shared/nonce/response_table.go:19.40,23.2 3 0
github.com/GabeCordo/DistributedFunctions/internal/shared/nonce/response_table.go:25.70,30.2 3 0
github.com/GabeCordo/DistributedFunctions/internal/shared/nonce/response_table.go:32.84,36.62 3 0
github.com/GabeCordo/DistributedFunctions/internal/shared/nonce/response_table.go:36.62,38.3 1 0
github.com/GabeCordo/DistributedFunctions/internal/shared/nonce/response_table.go:38.8,40.3 1 0
github.com/GabeCordo/DistributedFunctions/internal/shared/nonce/response_table.go:43.96,45.6 2 0
github.com/GabeCordo/DistributedFunctions/internal/shared/nonce/response_table.go:45.6,46.53 1 0
github.com/GabeCordo/DistributedFunctions/internal/shared/nonce/response_table.go:46.53,48.4 1 0
github.com/GabeCordo/DistributedFunctions/internal/shared/nonce/response_table.go:50.3,50.57 1 0
github.com/GabeCordo/DistributedFunctions/internal/shared/nonce/response_table.go:50.57,52.4 1 0
github.com/GabeCordo/DistributedFunctions/internal/shared/logging/logging.go:20.46,21.19 1 0
github.com/GabeCordo/DistributedFunctions/internal/shared/logging/logging.go:22.15,23.48 1 0
github.com/GabeCordo/DistributedFunctions/internal/shared/logging/logging.go:24.13,25.48 1 0
github.com/GabeCordo/DistributedFunctions/internal/shared/logging/logging.go:26.13,27.45 1 0
github.com/GabeCordo/DistributedFunctions/internal/shared/logging/logging.go:28.10,29.47 1 0
github.com/GabeCordo/DistributedFunctions/internal/targets/core/component/cache/local/cache_core.go:24.40,27.2 2 160
github.com/GabeCordo/DistributedFunctions/internal/targets/core/component/cache/local/cache_core.go:29.36,31.48 2 5
github.com/GabeCordo/DistributedFunctions/internal/targets/core/component/cache/local/cache_core.go:31.48,34.3 2 160
github.com/GabeCordo/DistributedFunctions/internal/targets/core/component/cache/local/cache_core.go:35.2,35.24 1 5
github.com/GabeCordo/DistributedFunctions/internal/targets/core/component/cache/local/cache_core.go:38.90,45.51 3 6
github.com/GabeCordo/DistributedFunctions/internal/targets/core/component/cache/local/cache_core.go:45.51,53.3 3 1
github.com/GabeCordo/DistributedFunctions/internal/targets/core/component/cache/local/cache_core.go:55.2,56.22 2 5
github.com/GabeCordo/DistributedFunctions/internal/targets/core/component/cache/local/cache_core.go:56.22,58.3 1 1
github.com/GabeCordo/DistributedFunctions/internal/targets/core/component/cache/local/cache_core.go:58.8,60.3 1 4
github.com/GabeCordo/DistributedFunctions/internal/targets/core/component/cache/local/cache_core.go:62.2,69.35 3 5
github.com/GabeCordo/DistributedFunctions/internal/targets/core/component/cache/local/cache_core.go:69.35,72.3 1 0
github.com/GabeCordo/DistributedFunctions/internal/targets/core/component/cache/local/cache_core.go:74.2,74.27 1 5
github.com/GabeCordo/DistributedFunctions/internal/targets/core/component/cache/local/cache_core.go:74.27,76.7 1 5
github.com/GabeCordo/DistributedFunctions/internal/targets/core/component/cache/local/cache_core.go:76.7,81.58 2 5
github.com/GabeCordo/DistributedFunctions/internal/targets/core/component/cache/local/cache_core.go:81.58,82.10 1 5
github.com/GabeCordo/DistributedFunctions/internal/targets/core/component/cache/local/cache_core.go:87.2,91.24 3 5
github.com/GabeCordo/DistributedFunctions/internal/targets/core/component/cache/local/cache_core.go:94.79,98.59 3 0
github.com/GabeCordo/DistributedFunctions/internal/targets/core/component/cache/local/cache_core.go:98.59,100.10 2 0
github.com/GabeCordo/DistributedFunctions/internal/targets/core/component/cache/local/cache_core.go:100.10,102.4 1 0
github.com/GabeCordo/DistributedFunctions/internal/targets/core/component/cache/local/cache_core.go:104.3,114.14 4 0
github.com/GabeCordo/DistributedFunctions/internal/targets/core/component/cache/local/cache_core.go:115.8,118.3 1 0
github.com/GabeCordo/DistributedFunctions/internal/targets/core/component/cache/local/cache_core.go:123.56,130.90 3 4
github.com/GabeCordo/DistributedFunctions/internal/targets/core/component/cache/local/cache_core.go:130.90,132.3 1 2
github.com/GabeCordo/DistributedFunctions/internal/targets/core/component/cache/local/cache_core.go:132.8,134.3 1 2
github.com/GabeCordo/DistributedFunctions/internal/targets/core/component/cache/local/cache_core.go:139.47,143.55 3 2
github.com/GabeCordo/DistributedFunctions/internal/targets/core/component/cache/local/cache_core.go:143.55,147.3 2 1
github.com/GabeCordo/DistributedFunctions/internal/targets/core/component/cache/local/cache_core.go:154.29,158.52 3 0
github.com/GabeCordo/DistributedFunctions/internal/targets/core/component/cache/local/cache_core.go:158.52,162.25 3 0
github.com/GabeCordo/DistributedFunctions/internal/targets/core/component/cache/local/cache_core.go:162.25,167.4 2 0
github.com/GabeCordo/DistributedFunctions/internal/targets/core/component/cache/local/cache_core.go:169.3,169.15 1 0
github.com/GabeCordo/DistributedFunctions/internal/targets/core/component/cache/local/cache_record.go:5.39,10.2 1 6
github.com/GabeCordo/DistributedFunctions/internal/targets/core/component/cache/local/cache_types.go:28.51,30.18 2 9
github.com/GabeCordo/DistributedFunctions/internal/targets/core/component/cache/local/cache_types.go:30.18,31.36 1 0
github.com/GabeCordo/DistributedFunctions/internal/targets/core/component/cache/local/cache_types.go:33.2,33.33 1 9
github.com/GabeCordo/DistributedFunctions/internal/targets/core/component/cache/local/cache_types.go:33.33,35.3 1 9
github.com/GabeCordo/DistributedFunctions/internal/targets/core/component/cache/local/cache_types.go:35.8,37.3 1 0
github.com/GabeCordo/DistributedFunctions/internal/targets/core/component/cache/local/cache_types.go:38.2,40.14 2 9
github.com/GabeCordo/DistributedFunctions/internal/shared/socket/connection.go:79.70,96.2 9 0
github.com/GabeCordo/DistributedFunctions/internal/shared/socket/connection.go:103.48,106.2 2 0
github.com/GabeCordo/DistributedFunctions/internal/shared/socket/connection.go:113.41,115.2 1 0
github.com/GabeCordo/DistributedFunctions/internal/shared/socket/connection.go:123.46,125.2 1 0
github.com/GabeCordo/DistributedFunctions/internal/shared/socket/connection.go:133.60,135.20 1 0
github.com/GabeCordo/DistributedFunctions/internal/shared/socket/connection.go:135.20,137.3 1 0
github.com/GabeCordo/DistributedFunctions/internal/shared/socket/connection.go:139.2,161.6 5 0
github.com/GabeCordo/DistributedFunctions/internal/shared/socket/connection.go:161.6,162.10 1 0
github.com/GabeCordo/DistributedFunctions/internal/shared/socket/connection.go:163.43,164.4 1 0
github.com/GabeCordo/DistributedFunctions/internal/shared/socket/connection.go:164.4,175.37 2 0
github.com/GabeCordo/DistributedFunctions/internal/shared/socket/connection.go:175.37,184.20 3 0
github.com/GabeCordo/DistributedFunctions/internal/shared/socket/connection.go:184.20,186.7 1 0
github.com/GabeCordo/DistributedFunctions/internal/shared/socket/connection.go:190.5,190.16 1 0
github.com/GabeCordo/DistributedFunctions/internal/shared/socket/connection.go:192.30,193.4 1 0
github.com/GabeCordo/DistributedFunctions/internal/shared/socket/connection.go:193.4,195.19 2 0
github.com/GabeCordo/DistributedFunctions/internal/shared/socket/connection.go:195.19,199.6 1 0
github.com/GabeCordo/DistributedFunctions/internal/shared/socket/connection.go:201.29,202.4 1 0
github.com/GabeCordo/DistributedFunctions/internal/shared/socket/connection.go:202.4,204.5 1 0
github.com/GabeCordo/DistributedFunctions/internal/shared/socket/connection.go:208.3,208.11 1 0
github.com/GabeCordo/DistributedFunctions/internal/shared/socket/connection.go:208.11,209.9 1 0
github.com/GabeCordo/DistributedFunctions/internal/shared/socket/connection.go:213.2,213.12 1 0
github.com/GabeCordo/DistributedFunctions/internal/shared/socket/connection.go:233.43,235.20 1 0
github.com/GabeCordo/DistributedFunctions/internal/shared/socket/connection.go:235.20,238.3 2 0
github.com/GabeCordo/DistributedFunctions/internal/shared/socket/connection.go:242.2,243.6 2 0
github.com/GabeCordo/DistributedFunctions/internal/shared/socket/connection.go:243.6,248.17 3 0
github.com/GabeCordo/DistributedFunctions/internal/shared/socket/connection.go:248.17,251.4 1 0
github.com/GabeCordo/DistributedFunctions/internal/shared/socket/connection.go:251.9,255.9 2 0
github.com/GabeCordo/DistributedFunctions/internal/shared/socket/connection.go:259.2,259.12 1 0
github.com/GabeCordo/DistributedFunctions/internal/shared/socket/connection.go:278.51,280.20 1 0
[...]
github.com/GabeCordo/DistributedFunctions/internal/targets/processor/thread/provisioner/handlers.go:39.108,42.2 1 0
github.com/GabeCordo/DistributedFunctions/internal/targets/processor/thread/provisioner/handlers.go:44.114,47.2 1 0
github.com/GabeCordo/DistributedFunctions/internal/targets/processor/thread/provisioner/handlers.go:49.122,55.53 2 0
github.com/GabeCordo/DistributedFunctions/internal/targets/processor/thread/provisioner/handlers.go:55.53,58.3 2 0
github.com/GabeCordo/DistributedFunctions/internal/targets/processor/thread/provisioner/thread.go:11.27,13.2 0 0
github.com/GabeCordo/DistributedFunctions/internal/targets/processor/thread/provisioner/thread.go:15.26,23.6 5 0
github.com/GabeCordo/DistributedFunctions/internal/targets/processor/thread/provisioner/thread.go:23.6,24.10 1 0
github.com/GabeCordo/DistributedFunctions/internal/targets/processor/thread/provisioner/thread.go:25.31,26.4 1 0
github.com/GabeCordo/DistributedFunctions/internal/targets/processor/thread/provisioner/thread.go:26.4,28.20 2 0
github.com/GabeCordo/DistributedFunctions/internal/targets/processor/thread/provisioner/thread.go:28.20,30.6 1 0
github.com/GabeCordo/DistributedFunctions/internal/targets/processor/thread/provisioner/thread.go:32.27,33.4 1 0
github.com/GabeCordo/DistributedFunctions/internal/targets/processor/thread/provisioner/thread.go:33.4,35.5 1 0
github.com/GabeCordo/DistributedFunctions/internal/targets/processor/thread/provisioner/thread.go:38.3,40.11 2 0
github.com/GabeCordo/DistributedFunctions/internal/targets/processor/thread/provisioner/thread.go:40.11,41.9 1 0
github.com/GabeCordo/DistributedFunctions/internal/targets/processor/thread/provisioner/thread.go:46.28,48.6 1 0
github.com/GabeCordo/DistributedFunctions/internal/targets/processor/thread/provisioner/thread.go:48.6,50.71 1 0
github.com/GabeCordo/DistributedFunctions/internal/targets/processor/thread/provisioner/thread.go:50.71,58.4 7 0
github.com/GabeCordo/DistributedFunctions/internal/targets/processor/thread/provisioner/thread.go:60.3,60.36 1 0
github.com/GabeCordo/DistributedFunctions/internal/targets/processor/thread/provisioner/thread.go:64.108,68.24 2 0
github.com/GabeCordo/DistributedFunctions/internal/targets/processor/thread/provisioner/thread.go:69.35,70.3 1 0
github.com/GabeCordo/DistributedFunctions/internal/targets/processor/thread/provisioner/thread.go:70.3,72.4 1 0
github.com/GabeCordo/DistributedFunctions/internal/targets/processor/thread/provisioner/thread.go:73.35,74.3 1 0
github.com/GabeCordo/DistributedFunctions/internal/targets/processor/thread/provisioner/thread.go:74.3,76.4 1 0
github.com/GabeCordo/DistributedFunctions/internal/targets/processor/thread/provisioner/thread.go:77.33,78.3 1 0
github.com/GabeCordo/DistributedFunctions/internal/targets/processor/thread/provisioner/thread.go:78.3,80.4 1 0
github.com/GabeCordo/DistributedFunctions/internal/targets/processor/thread/provisioner/thread.go:81.39,82.3 1 0
github.com/GabeCordo/DistributedFunctions/internal/targets/processor/thread/provisioner/thread.go:82.3,84.4 1 0
github.com/GabeCordo/DistributedFunctions/internal/targets/processor/thread/provisioner/thread.go:85.41,86.3 1 0
github.com/GabeCordo/DistributedFunctions/internal/targets/processor/thread/provisioner/thread.go:86.3,88.4 1 0
github.com/GabeCordo/DistributedFunctions/internal/targets/processor/thread/provisioner/thread.go:89.10,90.3 1 0
github.com/GabeCordo/DistributedFunctions/internal/targets/processor/thread/provisioner/thread.go:90.3,92.4 1 0
github.com/GabeCordo/DistributedFunctions/internal/targets/processor/thread/provisioner/thread.go:95.2,96.17 2 0
github.com/GabeCordo/DistributedFunctions/internal/targets/processor/thread/provisioner/thread.go:99.29,102.2 1 0
github.com/GabeCordo/DistributedFunctions/internal/targets/processor/thread/provisioner/types.go:40.103,45.9 4 0
github.com/GabeCordo/DistributedFunctions/internal/targets/processor/thread/provisioner/types.go:45.9,47.3 1 0
github.com/GabeCordo/DistributedFunctions/internal/targets/processor/thread/provisioner/types.go:48.2,49.9 2 0
github.com/GabeCordo/DistributedFunctions/internal/targets/processor/thread/provisioner/types.go:49.9,51.3 1 0
github.com/GabeCordo/DistributedFunctions/internal/targets/processor/thread/provisioner/types.go:52.2,53.9 2 0
github.com/GabeCordo/DistributedFunctions/internal/targets/processor/thread/provisioner/types.go:53.9,55.3 1 0
github.com/GabeCordo/DistributedFunctions/internal/targets/processor/thread/provisioner/types.go:56.2,57.9 2 0
github.com/GabeCordo/DistributedFunctions/internal/targets/processor/thread/provisioner/types.go:57.9,59.3 1 0
github.com/GabeCordo/DistributedFunctions/internal/targets/processor/thread/provisioner/types.go:60.2,65.16 4 0
github.com/GabeCordo/DistributedFunctions/internal/targets/processor/thread/provisioner/types.go:65.16,67.3 1 0
github.com/GabeCordo/DistributedFunctions/internal/targets/processor/thread/provisioner/types.go:68.2,74.15 4 0
github.com/GabeCordo/DistributedFunctions/internal/targets/processor/thread/socket/events.go:15.39,22.2 2 0
github.com/GabeCordo/DistributedFunctions/internal/targets/processor/thread/socket/events.go:24.43,27.2 0 0
github.com/GabeCordo/DistributedFunctions/internal/targets/processor/thread/socket/events.go:29.62,31.24 1 0
github.com/GabeCordo/DistributedFunctions/internal/targets/processor/thread/socket/events.go:32.21,33.3 1 0
github.com/GabeCordo/DistributedFunctions/internal/targets/processor/thread/socket/events.go:33.3,34.26 1 0
github.com/GabeCordo/DistributedFunctions/internal/targets/processor/thread/socket/events.go:35.20,36.5 1 0
github.com/GabeCordo/DistributedFunctions/internal/targets/processor/thread/socket/events.go:36.5,38.6 1 0
github.com/GabeCordo/DistributedFunctions/internal/targets/processor/thread/socket/events.go:39.12,40.5 1 0
github.com/GabeCordo/DistributedFunctions/internal/targets/processor/thread/socket/events.go:40.5,42.6 1 0
github.com/GabeCordo/DistributedFunctions/internal/targets/processor/thread/socket/events.go:45.21,46.3 1 0
github.com/GabeCordo/DistributedFunctions/internal/targets/processor/thread/socket/events.go:46.3,47.26 1 0
github.com/GabeCordo/DistributedFunctions/internal/targets/processor/thread/socket/events.go:48.20,49.5 1 0
github.com/GabeCordo/DistributedFunctions/internal/targets/processor/thread/socket/events.go:49.5,51.6 1 0
github.com/GabeCordo/DistributedFunctions/internal/targets/processor/thread/socket/events.go:52.12,53.5 1 0
github.com/GabeCordo/DistributedFunctions/internal/targets/processor/thread/socket/events.go:53.5,55.6 1 0
github.com/GabeCordo/DistributedFunctions/internal/targets/processor/thread/socket/events.go:58.10,59.3 1 0
github.com/GabeCordo/DistributedFunctions/internal/targets/processor/thread/socket/events.go:59.3,61.4 1 0
github.com/GabeCordo/DistributedFunctions/internal/targets/processor/thread/socket/events.go:65.62,68.16 2 0
github.com/GabeCordo/DistributedFunctions/internal/targets/processor/thread/socket/events.go:68.16,71.3 2 0
github.com/GabeCordo/DistributedFunctions/internal/targets/processor/thread/socket/events.go:73.2,75.16 3 0
github.com/GabeCordo/DistributedFunctions/internal/targets/processor/thread/socket/events.go:75.16,78.3 2 0
github.com/GabeCordo/DistributedFunctions/internal/targets/processor/thread/socket/events.go:80.2,85.57 2 0
github.com/GabeCordo/DistributedFunctions/internal/targets/processor/thread/socket/events.go:88.62,91.9 2 0
github.com/GabeCordo/DistributedFunctions/internal/targets/processor/thread/socket/events.go:91.9,94.3 2 0
github.com/GabeCordo/DistributedFunctions/internal/targets/processor/thread/socket/events.go:96.2,100.44 2 0
github.com/GabeCordo/DistributedFunctions/internal/targets/processor/thread/socket/handlers.go:10.71,13.9 2 0
github.com/GabeCordo/DistributedFunctions/internal/targets/processor/thread/socket/handlers.go:13.9,16.3 2 0
github.com/GabeCordo/DistributedFunctions/internal/targets/processor/thread/socket/handlers.go:18.2,24.29 2 0
github.com/GabeCordo/DistributedFunctions/internal/targets/processor/thread/socket/handlers.go:27.71,30.9 2 0
github.com/GabeCordo/DistributedFunctions/internal/targets/processor/thread/socket/handlers.go:30.9,32.3 1 0
github.com/GabeCordo/DistributedFunctions/internal/targets/processor/thread/socket/handlers.go:34.2,40.29 2 0
github.com/GabeCordo/DistributedFunctions/internal/targets/processor/thread/socket/thread.go:7.26,10.16 2 0
github.com/GabeCordo/DistributedFunctions/internal/targets/processor/thread/socket/thread.go:10.16,11.13 1 0
github.com/GabeCordo/DistributedFunctions/internal/targets/processor/thread/socket/thread.go:14.2,15.45 2 0
github.com/GabeCordo/DistributedFunctions/internal/targets/processor/thread/socket/thread.go:18.26,26.6 5 0
github.com/GabeCordo/DistributedFunctions/internal/targets/processor/thread/socket/thread.go:26.6,27.10 1 0
github.com/GabeCordo/DistributedFunctions/internal/targets/processor/thread/socket/thread.go:28.31,29.4 1 0
github.com/GabeCordo/DistributedFunctions/internal/targets/processor/thread/socket/thread.go:29.4,33.5 3 0
github.com/GabeCordo/DistributedFunctions/internal/targets/processor/thread/socket/thread.go:34.31,35.4 1 0
github.com/GabeCordo/DistributedFunctions/internal/targets/processor/thread/socket/thread.go:35.4,37.5 1 0
github.com/GabeCordo/DistributedFunctions/internal/targets/processor/thread/socket/thread.go:38.27,39.4 1 0
github.com/GabeCordo/DistributedFunctions/internal/targets/processor/thread/socket/thread.go:39.4,41.5 1 0
github.com/GabeCordo/DistributedFunctions/internal/targets/processor/thread/socket/thread.go:44.3,44.11 1 0
github.com/GabeCordo/DistributedFunctions/internal/targets/processor/thread/socket/thread.go:44.11,45.9 1 0
github.com/GabeCordo/DistributedFunctions/internal/targets/processor/thread/socket/thread.go:50.63,56.37 1 0
github.com/GabeCordo/DistributedFunctions/internal/targets/processor/thread/socket/thread.go:56.37,60.3 1 0
github.com/GabeCordo/DistributedFunctions/internal/targets/processor/thread/socket/thread.go:62.2,62.24 1 0
github.com/GabeCordo/DistributedFunctions/internal/targets/processor/thread/socket/thread.go:63.30,64.3 1 0
github.com/GabeCordo/DistributedFunctions/internal/targets/processor/thread/socket/thread.go:64.3,66.4 1 0
github.com/GabeCordo/DistributedFunctions/internal/targets/processor/thread/socket/thread.go:67.30,68.3 1 0
github.com/GabeCordo/DistributedFunctions/internal/targets/processor/thread/socket/thread.go:68.3,70.4 1 0
github.com/GabeCordo/DistributedFunctions/internal/targets/processor/thread/socket/thread.go:71.27,72.3 1 0
github.com/GabeCordo/DistributedFunctions/internal/targets/processor/thread/socket/thread.go:72.3,74.4 1 0
github.com/GabeCordo/DistributedFunctions/internal/targets/processor/thread/socket/thread.go:75.10,76.3 1 0
github.com/GabeCordo/DistributedFunctions/internal/targets/processor/thread/socket/thread.go:76.3,78.4 1 0
github.com/GabeCordo/DistributedFunctions/internal/targets/processor/thread/socket/thread.go:82.71,84.21 1 0
github.com/GabeCordo/DistributedFunctions/internal/targets/processor/thread/socket/thread.go:84.21,87.3 2 0
github.com/GabeCordo/DistributedFunctions/internal/targets/processor/thread/socket/thread.go:89.2,89.27 1 0
github.com/GabeCordo/DistributedFunctions/internal/targets/processor/thread/socket/thread.go:89.27,91.3 1 0
github.com/GabeCordo/DistributedFunctions/internal/targets/processor/thread/socket/thread.go:94.29,98.2 2 0
github.com/GabeCordo/DistributedFunctions/internal/targets/processor/thread/socket/types.go:68.121,74.9 4 0
github.com/GabeCordo/DistributedFunctions/internal/targets/processor/thread/socket/types.go:74.9,76.3 1 0
github.com/GabeCordo/DistributedFunctions/internal/targets/processor/thread/socket/types.go:77.2,78.9 2 0
github.com/GabeCordo/DistributedFunctions/internal/targets/processor/thread/socket/types.go:78.9,80.3 1 0
github.com/GabeCordo/DistributedFunctions/internal/targets/processor/thread/socket/types.go:81.2,82.9 2 0
github.com/GabeCordo/DistributedFunctions/internal/targets/processor/thread/socket/types.go:82.9,84.3 1 0
github.com/GabeCordo/DistributedFunctions/internal/targets/processor/thread/socket/types.go:85.2,86.9 2 0
github.com/GabeCordo/DistributedFunctions/internal/targets/processor/thread/socket/types.go:86.9,88.3 1 0
github.com/GabeCordo/DistributedFunctions/internal/targets/processor/thread/socket/types.go:89.2,93.19 3 0
github.com/GabeCordo/DistributedFunctions/internal/targets/processor/thread/socket/types.go:93.19,95.3 1 0
github.com/GabeCordo/DistributedFunctions/internal/targets/processor/thread/socket/types.go:96.2,98.16 2 0
github.com/GabeCordo/DistributedFunctions/internal/targets/processor/thread/socket/types.go:98.16,100.3 1 0
github.com/GabeCordo/DistributedFunctions/internal/targets/processor/thread/socket/types.go:101.2,109.15 5 0
github.com/GabeCordo/DistributedFunctions/internal/targets/processor/use_cases/provisioner/provisioner.go:13.87,18.25 3 0
github.com/GabeCordo/DistributedFunctions/internal/targets/processor/use_cases/provisioner/provisioner.go:18.25,20.3 1 0
github.com/GabeCordo/DistributedFunctions/internal/targets/processor/use_cases/provisioner/provisioner.go:22.2,22.19 1 0
github.com/GabeCordo/DistributedFunctions/internal/targets/processor/use_cases/provisioner/provisioner.go:25.103,32.55 1 0
github.com/GabeCordo/DistributedFunctions/internal/targets/processor/use_cases/provisioner/provisioner.go:32.55,34.17 2 0
github.com/GabeCordo/DistributedFunctions/internal/targets/processor/use_cases/provisioner/provisioner.go:34.17,36.4 1 0
github.com/GabeCordo/DistributedFunctions/internal/targets/processor/use_cases/provisioner/provisioner.go:37.8,39.3 1 0
github.com/GabeCordo/DistributedFunctions/internal/targets/processor/use_cases/provisioner/provisioner.go:42.2,47.16 3 0
github.com/GabeCordo/DistributedFunctions/internal/targets/processor/use_cases/provisioner/provisioner.go:47.16,50.3 2 0
github.com/GabeCordo/DistributedFunctions/internal/targets/processor/use_cases/provisioner/provisioner.go:52.2,53.51 2 0
github.com/GabeCordo/DistributedFunctions/internal/targets/processor/use_cases/provisioner/provisioner.go:53.51,72.13 2 0
github.com/GabeCordo/DistributedFunctions/internal/targets/processor/use_cases/provisioner/provisioner.go:72.13,73.8 1 0
github.com/GabeCordo/DistributedFunctions/internal/targets/processor/use_cases/provisioner/provisioner.go:73.8,75.31 2 0
github.com/GabeCordo/DistributedFunctions/internal/targets/processor/use_cases/provisioner/provisioner.go:75.31,78.11 1 0
github.com/GabeCordo/DistributedFunctions/internal/targets/processor/use_cases/provisioner/provisioner.go:81.5,82.17 2 0
github.com/GabeCordo/DistributedFunctions/internal/targets/processor/use_cases/provisioner/provisioner.go:82.17,83.52 1 0
github.com/GabeCordo/DistributedFunctions/internal/targets/processor/use_cases/provisioner/provisioner.go:86.5,94.32 6 0
github.com/GabeCordo/DistributedFunctions/internal/targets/processor/use_cases/provisioner/provisioner.go:98.3,102.17 3 0
github.com/GabeCordo/DistributedFunctions/internal/targets/processor/use_cases/provisioner/provisioner.go:102.17,104.4 1 0
github.com/GabeCordo/DistributedFunctions/internal/targets/processor/use_cases/provisioner/provisioner.go:106.3,113.15 5 0
github.com/GabeCordo/DistributedFunctions/internal/targets/processor/use_cases/provisioner/provisioner.go:113.15,114.50 1 0
github.com/GabeCordo/DistributedFunctions/internal/targets/processor/use_cases/provisioner/provisioner.go:117.3,142.14 9 0
github.com/GabeCordo/DistributedFunctions/internal/targets/processor/use_cases/provisioner/provisioner.go:142.14,144.4 1 0
github.com/GabeCordo/DistributedFunctions/internal/targets/processor/use_cases/provisioner/provisioner.go:144.9,146.4 1 0
github.com/GabeCordo/DistributedFunctions/internal/targets/processor/use_cases/provisioner/provisioner.go:151.3,152.24 2 0
github.com/GabeCordo/DistributedFunctions/internal/targets/processor/use_cases/provisioner/provisioner.go:155.2,155.12 1 0
github.com/GabeCordo/DistributedFunctions/internal/targets/processor/use_cases/provisioner/provisioner.go:158.60,161.12 2 0
github.com/GabeCordo/DistributedFunctions/internal/targets/processor/use_cases/provisioner/provisioner.go:161.12,163.3 1 0
github.com/GabeCordo/DistributedFunctions/internal/targets/processor/use_cases/provisioner/provisioner.go:165.2,166.12 2 0
github.com/GabeCordo/DistributedFunctions/internal/targets/processor/use_cases/provisioner/provisioner.go:169.67,172.2 1 0
github.com/GabeCordo/DistributedFunctions/internal/targets/processor/use_cases/provisioner/provisioner.go:174.41,183.2 2 0
github.com/GabeCordo/DistributedFunctions/internal/targets/processor/use_cases/provisioner/provisioner.go:185.82,187.89 1 0
github.com/GabeCordo/DistributedFunctions/internal/targets/processor/use_cases/provisioner/provisioner.go:187.89,189.17 2 0
github.com/GabeCordo/DistributedFunctions/internal/targets/processor/use_cases/provisioner/provisioner.go:189.17,192.4 2 0
github.com/GabeCordo/DistributedFunctions/internal/targets/processor/use_cases/provisioner/provisioner.go:193.3,194.20 2 0
github.com/GabeCordo/DistributedFunctions/internal/targets/processor/use_cases/socket/socket.go:13.74,16.2 1 0
github.com/GabeCordo/DistributedFunctions/internal/targets/processor/use_cases/socket/socket.go:18.50,21.27 2 0
github.com/GabeCordo/DistributedFunctions/internal/targets/processor/use_cases/socket/socket.go:21.27,23.3 1 0
github.com/GabeCordo/DistributedFunctions/internal/targets/processor/use_cases/socket/socket.go:28.2,28.27 1 0
github.com/GabeCordo/DistributedFunctions/internal/targets/processor/use_cases/socket/socket.go:28.27,31.3 2 0
github.com/GabeCordo/DistributedFunctions/internal/targets/processor/use_cases/socket/socket.go:34.2,37.16 3 0
github.com/GabeCordo/DistributedFunctions/internal/targets/processor/use_cases/socket/socket.go:37.16,39.3 1 0
github.com/GabeCordo/DistributedFunctions/internal/targets/processor/use_cases/socket/socket.go:41.2,42.49 2 0
github.com/GabeCordo/DistributedFunctions/internal/targets/processor/use_cases/socket/socket.go:42.49,44.3 1 0
github.com/GabeCordo/DistributedFunctions/internal/targets/processor/use_cases/socket/socket.go:46.2,47.16 2 0
github.com/GabeCordo/DistributedFunctions/internal/targets/processor/use_cases/socket/socket.go:47.16,49.3 1 0
github.com/GabeCordo/DistributedFunctions/internal/targets/processor/use_cases/socket/socket.go:51.2,51.12 1 0
github.com/GabeCordo/DistributedFunctions/internal/targets/processor/use_cases/socket/socket.go:54.56,59.41 3 0
github.com/GabeCordo/DistributedFunctions/internal/targets/processor/use_cases/socket/socket.go:59.41,61.3 1 0
github.com/GabeCordo/DistributedFunctions/internal/targets/processor/use_cases/socket/socket.go:63.2,63.23 1 0
github.com/GabeCordo/DistributedFunctions/internal/targets/processor/use_cases/socket/socket.go:63.23,65.3 1 0
github.com/GabeCordo/DistributedFunctions/internal/targets/processor/use_cases/socket/socket.go:65.8,67.3 1 0
github.com/GabeCordo/DistributedFunctions/internal/targets/processor/use_cases/socket/socket.go:69.2,70.16 2 0
github.com/GabeCordo/DistributedFunctions/internal/targets/processor/use_cases/socket/socket.go:70.16,72.3 1 0
github.com/GabeCordo/DistributedFunctions/internal/targets/processor/use_cases/socket/socket.go:74.2,74.12 1 0
github.com/GabeCordo/DistributedFunctions/internal/targets/processor/use_cases/socket/socket.go:77.46,80.2 1 0
github.com/GabeCordo/DistributedFunctions/internal/targets/processor/use_cases/socket/socket.go:82.42,85.16 2 0
github.com/GabeCordo/DistributedFunctions/internal/targets/processor/use_cases/socket/socket.go:85.16,87.3 1 0
github.com/GabeCordo/DistributedFunctions/internal/targets/processor/use_cases/socket/socket.go:90.57,93.16 2 0
github.com/GabeCordo/DistributedFunctions/internal/targets/processor/use_cases/socket/socket.go:93.16,95.3 1 0
